The system is: Linux - 3.10.0-693.21.1.el7.x86_64 - x86_64
Compiling the C compiler identification source file "CMakeCCompilerId.c" succeeded.
Compiler: /glade/u/apps/dav/opt/ncarcompilers/0.5.0/intel/19.0.5/icc 
Build flags: 
Id flags: 

The output was:
0


Compilation of the C compiler identification source "CMakeCCompilerId.c" produced "a.out"

The C compiler identification is Intel, found in "/glade/u/home/shivanis/Shivani/Sample-Cuda-Program/cuda_add/build/CMakeFiles/2.8.12.2/CompilerIdC/a.out"

Compiling the CXX compiler identification source file "CMakeCXXCompilerId.cpp" succeeded.
Compiler: /glade/u/apps/dav/opt/ncarcompilers/0.5.0/intel/19.0.5/icpc 
Build flags: 
Id flags: 

The output was:
0


Compilation of the CXX compiler identification source "CMakeCXXCompilerId.cpp" produced "a.out"

The CXX compiler identification is Intel, found in "/glade/u/home/shivanis/Shivani/Sample-Cuda-Program/cuda_add/build/CMakeFiles/2.8.12.2/CompilerIdCXX/a.out"

Determining if the C compiler works passed with the following output:
Change Dir: /glade/u/home/shivanis/Shivani/Sample-Cuda-Program/cuda_add/build/CMakeFiles/CMakeTmp

Run Build Command:/bin/gmake "cmTryCompileExec1016184754/fast"
/bin/gmake -f CMakeFiles/cmTryCompileExec1016184754.dir/build.make CMakeFiles/cmTryCompileExec1016184754.dir/build
gmake[1]: Entering directory `/glade/u/home/shivanis/Shivani/Sample-Cuda-Program/cuda_add/build/CMakeFiles/CMakeTmp'
/usr/bin/cmake -E cmake_progress_report /glade/u/home/shivanis/Shivani/Sample-Cuda-Program/cuda_add/build/CMakeFiles/CMakeTmp/CMakeFiles 1
Building C object CMakeFiles/cmTryCompileExec1016184754.dir/testCCompiler.c.o
/glade/u/apps/dav/opt/ncarcompilers/0.5.0/intel/19.0.5/icc    -o CMakeFiles/cmTryCompileExec1016184754.dir/testCCompiler.c.o   -c /glade/u/home/shivanis/Shivani/Sample-Cuda-Program/cuda_add/build/CMakeFiles/CMakeTmp/testCCompiler.c
Linking C executable cmTryCompileExec1016184754
/usr/bin/cmake -E cmake_link_script CMakeFiles/cmTryCompileExec1016184754.dir/link.txt --verbose=1
/glade/u/apps/dav/opt/ncarcompilers/0.5.0/intel/19.0.5/icc       CMakeFiles/cmTryCompileExec1016184754.dir/testCCompiler.c.o  -o cmTryCompileExec1016184754 -rdynamic 
gmake[1]: Leaving directory `/glade/u/home/shivanis/Shivani/Sample-Cuda-Program/cuda_add/build/CMakeFiles/CMakeTmp'


Detecting C compiler ABI info compiled with the following output:
Change Dir: /glade/u/home/shivanis/Shivani/Sample-Cuda-Program/cuda_add/build/CMakeFiles/CMakeTmp

Run Build Command:/bin/gmake "cmTryCompileExec3546656137/fast"
/bin/gmake -f CMakeFiles/cmTryCompileExec3546656137.dir/build.make CMakeFiles/cmTryCompileExec3546656137.dir/build
gmake[1]: Entering directory `/glade/u/home/shivanis/Shivani/Sample-Cuda-Program/cuda_add/build/CMakeFiles/CMakeTmp'
/usr/bin/cmake -E cmake_progress_report /glade/u/home/shivanis/Shivani/Sample-Cuda-Program/cuda_add/build/CMakeFiles/CMakeTmp/CMakeFiles 1
Building C object CMakeFiles/cmTryCompileExec3546656137.dir/CMakeCCompilerABI.c.o
/glade/u/apps/dav/opt/ncarcompilers/0.5.0/intel/19.0.5/icc    -o CMakeFiles/cmTryCompileExec3546656137.dir/CMakeCCompilerABI.c.o   -c /usr/share/cmake/Modules/CMakeCCompilerABI.c
Linking C executable cmTryCompileExec3546656137
/usr/bin/cmake -E cmake_link_script CMakeFiles/cmTryCompileExec3546656137.dir/link.txt --verbose=1
/glade/u/apps/dav/opt/ncarcompilers/0.5.0/intel/19.0.5/icc     -v CMakeFiles/cmTryCompileExec3546656137.dir/CMakeCCompilerABI.c.o  -o cmTryCompileExec3546656137 -rdynamic  
icc version 19.0.5.281 (gcc version 4.8.5 compatibility)
/glade/u/apps/opt/intel/2019u5/compilers_and_libraries_2019.5.281/linux/bin/intel64/mcpcom    -mGLOB_em64t=TRUE -mP1OPT_version=19.0-intel64 -mGLOB_diag_file=CMakeFiles/cmTryCompileExec3546656137.dir/CMakeCCompilerABI.c.diag -mGLOB_long_size_64 -mGLOB_routine_pointer_size_64 -mP1OPT_print_version=FALSE -mCG_use_gas_got_workaround=F -mP2OPT_align_option_used=TRUE -mGLOB_gcc_version=485 "-mGLOB_options_string=-I/glade/u/apps/dav/opt/netcdf/4.7.3/intel/19.0.5/include -I/glade/u/apps/dav/opt/cuda/10.1/include -v -o cmTryCompileExec3546656137 -rdynamic -Wl,-Bstatic -lnetcdff -lnetcdf -lhdf5hl_fortran -lhdf5_hl -lhdf5_fortran -lhdf5 -lsz -lz -Wl,-Bdynamic -lcurl -lm -ldl -lcudart -lcublas -lrt -ldl -lrt -ldl -Wl,--disable-new-dtags -L/glade/u/apps/dav/opt/netcdf/4.7.3/intel/19.0.5/lib -L/glade/u/apps/dav/opt/cuda/10.1/lib64 -L/glade/u/apps/dav/opt/cuda/10.1/lib -L/glade/u/apps/dav/opt/openmpi/4.0.3/intel/19.0.5/lib -Wl,-rpath,/glade/u/apps/dav/opt/netcdf/4.7.3/intel/19.0.5/lib -Wl,-rpath,/glade/u/apps/dav/opt/cuda/10.1/lib64 -Wl,-rpath,/glade/u/apps/dav/opt/cuda/10.1/lib -Wl,-rpath,/glade/u/apps/dav/opt/openmpi/4.0.3/intel/19.0.5/lib" -mGLOB_cxx_limited_range=FALSE -mCG_extend_parms=FALSE -mGLOB_compiler_bin_directory=/glade/u/apps/opt/intel/2019u5/compilers_and_libraries_2019.5.281/linux/bin/intel64 -mGLOB_as_output_backup_file_name=/glade/scratch/shivanis/iccsPcf0Jas_.s -mGLOB_dashboard_use_source_name -mIPOPT_activate -mGLOB_product_id_code=0x22006d93 -mP3OPT_use_mspp_call_convention -mP2OPT_subs_out_of_bound=FALSE -mP2OPT_disam_type_based_disam=2 -mP2OPT_disam_assume_ansi_c -mP2OPT_checked_disam_ansi_alias=TRUE -mGLOB_ansi_alias -mPGOPTI_value_profile_use=T -mGLOB_opt_report_use_source_name -mP2OPT_il0_array_sections=TRUE -mGLOB_offload_mode=1 -mP2OPT_offload_unique_var_string=icc1271576669cLQfKf -mP2OPT_hlo -mP2OPT_hpo_rtt_control=0 -mIPOPT_args_in_regs=0 -mP2OPT_disam_assume_nonstd_intent_in=FALSE -mGLOB_imf_mapping_library=/glade/u/apps/opt/intel/2019u5/compilers_and_libraries_2019.5.281/linux/bin/intel64/libiml_attr.so -mPGOPTI_gen_threadsafe_level=0 -mIPOPT_link -mIPOPT_ipo_activate -mIPOPT_mo_activate -mIPOPT_source_files_list=/glade/scratch/shivanis/iccsliselyygm -mIPOPT_mo_global_data -mIPOPT_link_script_file=/glade/scratch/shivanis/iccscriptfJ7n82 "-mIPOPT_cmdline_link="/usr/lib/gcc/x86_64-redhat-linux/4.8.5/../../../../lib64/crt1.o" "/usr/lib/gcc/x86_64-redhat-linux/4.8.5/../../../../lib64/crti.o" "/usr/lib/gcc/x86_64-redhat-linux/4.8.5/crtbegin.o" "-export-dynamic" "--eh-frame-hdr" "--build-id" "-dynamic-linker" "/lib64/ld-linux-x86-64.so.2" "-m" "elf_x86_64" "-L/glade/u/apps/dav/opt/netcdf/4.7.3/intel/19.0.5/lib" "-L/glade/u/apps/dav/opt/cuda/10.1/lib64" "-L/glade/u/apps/dav/opt/cuda/10.1/lib" "-L/glade/u/apps/dav/opt/openmpi/4.0.3/intel/19.0.5/lib" "-o" "cmTryCompileExec3546656137" "-L/glade/u/apps/dav/opt/openmpi/4.0.3/intel/19.0.5/lib" "-L/glade/u/apps/opt/intel/2019u5/compilers_and_libraries_2019.5.281/linux/compiler/lib/intel64_lin" "-L/usr/lib/gcc/x86_64-redhat-linux/4.8.5/" "-L/usr/lib/gcc/x86_64-redhat-linux/4.8.5/../../../../lib64" "-L/usr/lib/gcc/x86_64-redhat-linux/4.8.5/../../../../lib64/" "-L/lib/../lib64" "-L/lib/../lib64/" "-L/usr/lib/../lib64" "-L/usr/lib/../lib64/" "-L/glade/u/apps/dav/opt/openmpi/4.0.3/intel/19.0.5/lib/" "-L/usr/lib/gcc/x86_64-redhat-linux/4.8.5/../../../" "-L/lib64" "-L/lib/" "-L/usr/lib64" "-L/usr/lib" "CMakeFiles/cmTryCompileExec3546656137.dir/CMakeCCompilerABI.c.o" "-Bstatic" "-lnetcdff" "-lnetcdf" "-lhdf5hl_fortran" "-lhdf5_hl" "-lhdf5_fortran" "-lhdf5" "-lsz" "-lz" "-Bdynamic" "-lcurl" "-L/glade/u/apps/opt/intel/2019u5/compilers_and_libraries_2019.5.281/linux/compiler/lib/intel64_lin" "-Bstatic" "-limf" "-Bdynamic" "-lm" "-ldl" "-lcudart" "-lcublas" "-lrt" "-ldl" "-lrt" "-ldl" "--disable-new-dtags" "-rpath" "/glade/u/apps/dav/opt/netcdf/4.7.3/intel/19.0.5/lib" "-rpath" "/glade/u/apps/dav/opt/cuda/10.1/lib64" "-rpath" "/glade/u/apps/dav/opt/cuda/10.1/lib" "-rpath" "/glade/u/apps/dav/opt/openmpi/4.0.3/intel/19.0.5/lib" "-Bdynamic" "-Bstatic" "-limf" "-lsvml" "-lirng" "-Bdynamic" "-lm" "-Bstatic" "-lipgo" "-ldecimal" "--as-needed" "-Bdynamic" "-lcilkrts" "-lstdc++" "--no-as-needed" "-lgcc" "-lgcc_s" "-Bstatic" "-lirc" "-lsvml" "-Bdynamic" "-lc" "-lgcc" "-lgcc_s" "-Bstatic" "-lirc_s" "-Bdynamic" "-ldl" "-lc" "/usr/lib/gcc/x86_64-redhat-linux/4.8.5/crtend.o" "/usr/lib/gcc/x86_64-redhat-linux/4.8.5/../../../../lib64/crtn.o"" -mIPOPT_il_in_obj -mIPOPT_ipo_activate_warn=FALSE -mIPOPT_obj_output_file_name=/glade/scratch/shivanis/ipo_icc4UrX3c.o -mIPOPT_whole_archive_fixup_file_name=/glade/scratch/shivanis/iccwarchi9ZsK7 -mGLOB_linker_version=2.25.1 -mGLOB_linker=ld -mGLOB_driver_tempfile_name=/glade/scratch/shivanis/icctempfilertpNCO -mP3OPT_asm_target=P3OPT_ASM_TARGET_GAS -mGLOB_async_unwind_tables=TRUE -mGLOB_obj_output_file=/glade/scratch/shivanis/ipo_icc4UrX3c.o -mGLOB_source_dialect=GLOB_SOURCE_DIALECT_NONE -mP1OPT_source_file_name=ipo_out.c CMakeFiles/cmTryCompileExec3546656137.dir/CMakeCCompilerABI.c.o -mIPOPT_object_files=T -mIPOPT_assembly_files=/glade/scratch/shivanis/iccalis4U0oNA -mIPOPT_generated_tempfiles=/glade/scratch/shivanis/iccelisbMu9Eh -mIPOPT_embedded_object_base_name=/glade/scratch/shivanis/icceobjgJDWwY -mIPOPT_cmdline_link_new_name=/glade/scratch/shivanis/iccllis9i1JoF
ld    /usr/lib/gcc/x86_64-redhat-linux/4.8.5/../../../../lib64/crt1.o /usr/lib/gcc/x86_64-redhat-linux/4.8.5/../../../../lib64/crti.o /usr/lib/gcc/x86_64-redhat-linux/4.8.5/crtbegin.o -export-dynamic --eh-frame-hdr --build-id -dynamic-linker /lib64/ld-linux-x86-64.so.2 -m elf_x86_64 -L/glade/u/apps/dav/opt/netcdf/4.7.3/intel/19.0.5/lib -L/glade/u/apps/dav/opt/cuda/10.1/lib64 -L/glade/u/apps/dav/opt/cuda/10.1/lib -L/glade/u/apps/dav/opt/openmpi/4.0.3/intel/19.0.5/lib -o cmTryCompileExec3546656137 -L/glade/u/apps/dav/opt/openmpi/4.0.3/intel/19.0.5/lib -L/glade/u/apps/opt/intel/2019u5/compilers_and_libraries_2019.5.281/linux/compiler/lib/intel64_lin -L/usr/lib/gcc/x86_64-redhat-linux/4.8.5/ -L/usr/lib/gcc/x86_64-redhat-linux/4.8.5/../../../../lib64 -L/usr/lib/gcc/x86_64-redhat-linux/4.8.5/../../../../lib64/ -L/lib/../lib64 -L/lib/../lib64/ -L/usr/lib/../lib64 -L/usr/lib/../lib64/ -L/glade/u/apps/dav/opt/openmpi/4.0.3/intel/19.0.5/lib/ -L/usr/lib/gcc/x86_64-redhat-linux/4.8.5/../../../ -L/lib64 -L/lib/ -L/usr/lib64 -L/usr/lib CMakeFiles/cmTryCompileExec3546656137.dir/CMakeCCompilerABI.c.o -Bstatic -lnetcdff -lnetcdf -lhdf5hl_fortran -lhdf5_hl -lhdf5_fortran -lhdf5 -lsz -lz -Bdynamic -lcurl -L/glade/u/apps/opt/intel/2019u5/compilers_and_libraries_2019.5.281/linux/compiler/lib/intel64_lin -Bstatic -limf -Bdynamic -lm -ldl -lcudart -lcublas -lrt -ldl -lrt -ldl --disable-new-dtags -rpath /glade/u/apps/dav/opt/netcdf/4.7.3/intel/19.0.5/lib -rpath /glade/u/apps/dav/opt/cuda/10.1/lib64 -rpath /glade/u/apps/dav/opt/cuda/10.1/lib -rpath /glade/u/apps/dav/opt/openmpi/4.0.3/intel/19.0.5/lib -Bdynamic -Bstatic -limf -lsvml -lirng -Bdynamic -lm -Bstatic -lipgo -ldecimal --as-needed -Bdynamic -lcilkrts -lstdc++ --no-as-needed -lgcc -lgcc_s -Bstatic -lirc -lsvml -Bdynamic -lc -lgcc -lgcc_s -Bstatic -lirc_s -Bdynamic -ldl -lc /usr/lib/gcc/x86_64-redhat-linux/4.8.5/crtend.o /usr/lib/gcc/x86_64-redhat-linux/4.8.5/../../../../lib64/crtn.o
gmake[1]: Leaving directory `/glade/u/home/shivanis/Shivani/Sample-Cuda-Program/cuda_add/build/CMakeFiles/CMakeTmp'


Parsed C implicit link information from above output:
  link line regex: [^( *|.*[/\])(ld|([^/\]+-)?ld|collect2)[^/\]*( |$)]
  ignore line: [Change Dir: /glade/u/home/shivanis/Shivani/Sample-Cuda-Program/cuda_add/build/CMakeFiles/CMakeTmp]
  ignore line: []
  ignore line: [Run Build Command:/bin/gmake "cmTryCompileExec3546656137/fast"]
  ignore line: [/bin/gmake -f CMakeFiles/cmTryCompileExec3546656137.dir/build.make CMakeFiles/cmTryCompileExec3546656137.dir/build]
  ignore line: [gmake[1]: Entering directory `/glade/u/home/shivanis/Shivani/Sample-Cuda-Program/cuda_add/build/CMakeFiles/CMakeTmp']
  ignore line: [/usr/bin/cmake -E cmake_progress_report /glade/u/home/shivanis/Shivani/Sample-Cuda-Program/cuda_add/build/CMakeFiles/CMakeTmp/CMakeFiles 1]
  ignore line: [Building C object CMakeFiles/cmTryCompileExec3546656137.dir/CMakeCCompilerABI.c.o]
  ignore line: [/glade/u/apps/dav/opt/ncarcompilers/0.5.0/intel/19.0.5/icc    -o CMakeFiles/cmTryCompileExec3546656137.dir/CMakeCCompilerABI.c.o   -c /usr/share/cmake/Modules/CMakeCCompilerABI.c]
  ignore line: [Linking C executable cmTryCompileExec3546656137]
  ignore line: [/usr/bin/cmake -E cmake_link_script CMakeFiles/cmTryCompileExec3546656137.dir/link.txt --verbose=1]
  ignore line: [/glade/u/apps/dav/opt/ncarcompilers/0.5.0/intel/19.0.5/icc     -v CMakeFiles/cmTryCompileExec3546656137.dir/CMakeCCompilerABI.c.o  -o cmTryCompileExec3546656137 -rdynamic  ]
  ignore line: [icc version 19.0.5.281 (gcc version 4.8.5 compatibility)]
  ignore line: [/glade/u/apps/opt/intel/2019u5/compilers_and_libraries_2019.5.281/linux/bin/intel64/mcpcom    -mGLOB_em64t=TRUE -mP1OPT_version=19.0-intel64 -mGLOB_diag_file=CMakeFiles/cmTryCompileExec3546656137.dir/CMakeCCompilerABI.c.diag -mGLOB_long_size_64 -mGLOB_routine_pointer_size_64 -mP1OPT_print_version=FALSE -mCG_use_gas_got_workaround=F -mP2OPT_align_option_used=TRUE -mGLOB_gcc_version=485 "-mGLOB_options_string=-I/glade/u/apps/dav/opt/netcdf/4.7.3/intel/19.0.5/include -I/glade/u/apps/dav/opt/cuda/10.1/include -v -o cmTryCompileExec3546656137 -rdynamic -Wl,-Bstatic -lnetcdff -lnetcdf -lhdf5hl_fortran -lhdf5_hl -lhdf5_fortran -lhdf5 -lsz -lz -Wl,-Bdynamic -lcurl -lm -ldl -lcudart -lcublas -lrt -ldl -lrt -ldl -Wl,--disable-new-dtags -L/glade/u/apps/dav/opt/netcdf/4.7.3/intel/19.0.5/lib -L/glade/u/apps/dav/opt/cuda/10.1/lib64 -L/glade/u/apps/dav/opt/cuda/10.1/lib -L/glade/u/apps/dav/opt/openmpi/4.0.3/intel/19.0.5/lib -Wl,-rpath,/glade/u/apps/dav/opt/netcdf/4.7.3/intel/19.0.5/lib -Wl,-rpath,/glade/u/apps/dav/opt/cuda/10.1/lib64 -Wl,-rpath,/glade/u/apps/dav/opt/cuda/10.1/lib -Wl,-rpath,/glade/u/apps/dav/opt/openmpi/4.0.3/intel/19.0.5/lib" -mGLOB_cxx_limited_range=FALSE -mCG_extend_parms=FALSE -mGLOB_compiler_bin_directory=/glade/u/apps/opt/intel/2019u5/compilers_and_libraries_2019.5.281/linux/bin/intel64 -mGLOB_as_output_backup_file_name=/glade/scratch/shivanis/iccsPcf0Jas_.s -mGLOB_dashboard_use_source_name -mIPOPT_activate -mGLOB_product_id_code=0x22006d93 -mP3OPT_use_mspp_call_convention -mP2OPT_subs_out_of_bound=FALSE -mP2OPT_disam_type_based_disam=2 -mP2OPT_disam_assume_ansi_c -mP2OPT_checked_disam_ansi_alias=TRUE -mGLOB_ansi_alias -mPGOPTI_value_profile_use=T -mGLOB_opt_report_use_source_name -mP2OPT_il0_array_sections=TRUE -mGLOB_offload_mode=1 -mP2OPT_offload_unique_var_string=icc1271576669cLQfKf -mP2OPT_hlo -mP2OPT_hpo_rtt_control=0 -mIPOPT_args_in_regs=0 -mP2OPT_disam_assume_nonstd_intent_in=FALSE -mGLOB_imf_mapping_library=/glade/u/apps/opt/intel/2019u5/compilers_and_libraries_2019.5.281/linux/bin/intel64/libiml_attr.so -mPGOPTI_gen_threadsafe_level=0 -mIPOPT_link -mIPOPT_ipo_activate -mIPOPT_mo_activate -mIPOPT_source_files_list=/glade/scratch/shivanis/iccsliselyygm -mIPOPT_mo_global_data -mIPOPT_link_script_file=/glade/scratch/shivanis/iccscriptfJ7n82 "-mIPOPT_cmdline_link="/usr/lib/gcc/x86_64-redhat-linux/4.8.5/../../../../lib64/crt1.o" "/usr/lib/gcc/x86_64-redhat-linux/4.8.5/../../../../lib64/crti.o" "/usr/lib/gcc/x86_64-redhat-linux/4.8.5/crtbegin.o" "-export-dynamic" "--eh-frame-hdr" "--build-id" "-dynamic-linker" "/lib64/ld-linux-x86-64.so.2" "-m" "elf_x86_64" "-L/glade/u/apps/dav/opt/netcdf/4.7.3/intel/19.0.5/lib" "-L/glade/u/apps/dav/opt/cuda/10.1/lib64" "-L/glade/u/apps/dav/opt/cuda/10.1/lib" "-L/glade/u/apps/dav/opt/openmpi/4.0.3/intel/19.0.5/lib" "-o" "cmTryCompileExec3546656137" "-L/glade/u/apps/dav/opt/openmpi/4.0.3/intel/19.0.5/lib" "-L/glade/u/apps/opt/intel/2019u5/compilers_and_libraries_2019.5.281/linux/compiler/lib/intel64_lin" "-L/usr/lib/gcc/x86_64-redhat-linux/4.8.5/" "-L/usr/lib/gcc/x86_64-redhat-linux/4.8.5/../../../../lib64" "-L/usr/lib/gcc/x86_64-redhat-linux/4.8.5/../../../../lib64/" "-L/lib/../lib64" "-L/lib/../lib64/" "-L/usr/lib/../lib64" "-L/usr/lib/../lib64/" "-L/glade/u/apps/dav/opt/openmpi/4.0.3/intel/19.0.5/lib/" "-L/usr/lib/gcc/x86_64-redhat-linux/4.8.5/../../../" "-L/lib64" "-L/lib/" "-L/usr/lib64" "-L/usr/lib" "CMakeFiles/cmTryCompileExec3546656137.dir/CMakeCCompilerABI.c.o" "-Bstatic" "-lnetcdff" "-lnetcdf" "-lhdf5hl_fortran" "-lhdf5_hl" "-lhdf5_fortran" "-lhdf5" "-lsz" "-lz" "-Bdynamic" "-lcurl" "-L/glade/u/apps/opt/intel/2019u5/compilers_and_libraries_2019.5.281/linux/compiler/lib/intel64_lin" "-Bstatic" "-limf" "-Bdynamic" "-lm" "-ldl" "-lcudart" "-lcublas" "-lrt" "-ldl" "-lrt" "-ldl" "--disable-new-dtags" "-rpath" "/glade/u/apps/dav/opt/netcdf/4.7.3/intel/19.0.5/lib" "-rpath" "/glade/u/apps/dav/opt/cuda/10.1/lib64" "-rpath" "/glade/u/apps/dav/opt/cuda/10.1/lib" "-rpath" "/glade/u/apps/dav/opt/openmpi/4.0.3/intel/19.0.5/lib" "-Bdynamic" "-Bstatic" "-limf" "-lsvml" "-lirng" "-Bdynamic" "-lm" "-Bstatic" "-lipgo" "-ldecimal" "--as-needed" "-Bdynamic" "-lcilkrts" "-lstdc++" "--no-as-needed" "-lgcc" "-lgcc_s" "-Bstatic" "-lirc" "-lsvml" "-Bdynamic" "-lc" "-lgcc" "-lgcc_s" "-Bstatic" "-lirc_s" "-Bdynamic" "-ldl" "-lc" "/usr/lib/gcc/x86_64-redhat-linux/4.8.5/crtend.o" "/usr/lib/gcc/x86_64-redhat-linux/4.8.5/../../../../lib64/crtn.o"" -mIPOPT_il_in_obj -mIPOPT_ipo_activate_warn=FALSE -mIPOPT_obj_output_file_name=/glade/scratch/shivanis/ipo_icc4UrX3c.o -mIPOPT_whole_archive_fixup_file_name=/glade/scratch/shivanis/iccwarchi9ZsK7 -mGLOB_linker_version=2.25.1 -mGLOB_linker=ld -mGLOB_driver_tempfile_name=/glade/scratch/shivanis/icctempfilertpNCO -mP3OPT_asm_target=P3OPT_ASM_TARGET_GAS -mGLOB_async_unwind_tables=TRUE -mGLOB_obj_output_file=/glade/scratch/shivanis/ipo_icc4UrX3c.o -mGLOB_source_dialect=GLOB_SOURCE_DIALECT_NONE -mP1OPT_source_file_name=ipo_out.c CMakeFiles/cmTryCompileExec3546656137.dir/CMakeCCompilerABI.c.o -mIPOPT_object_files=T -mIPOPT_assembly_files=/glade/scratch/shivanis/iccalis4U0oNA -mIPOPT_generated_tempfiles=/glade/scratch/shivanis/iccelisbMu9Eh -mIPOPT_embedded_object_base_name=/glade/scratch/shivanis/icceobjgJDWwY -mIPOPT_cmdline_link_new_name=/glade/scratch/shivanis/iccllis9i1JoF]
  link line: [ld    /usr/lib/gcc/x86_64-redhat-linux/4.8.5/../../../../lib64/crt1.o /usr/lib/gcc/x86_64-redhat-linux/4.8.5/../../../../lib64/crti.o /usr/lib/gcc/x86_64-redhat-linux/4.8.5/crtbegin.o -export-dynamic --eh-frame-hdr --build-id -dynamic-linker /lib64/ld-linux-x86-64.so.2 -m elf_x86_64 -L/glade/u/apps/dav/opt/netcdf/4.7.3/intel/19.0.5/lib -L/glade/u/apps/dav/opt/cuda/10.1/lib64 -L/glade/u/apps/dav/opt/cuda/10.1/lib -L/glade/u/apps/dav/opt/openmpi/4.0.3/intel/19.0.5/lib -o cmTryCompileExec3546656137 -L/glade/u/apps/dav/opt/openmpi/4.0.3/intel/19.0.5/lib -L/glade/u/apps/opt/intel/2019u5/compilers_and_libraries_2019.5.281/linux/compiler/lib/intel64_lin -L/usr/lib/gcc/x86_64-redhat-linux/4.8.5/ -L/usr/lib/gcc/x86_64-redhat-linux/4.8.5/../../../../lib64 -L/usr/lib/gcc/x86_64-redhat-linux/4.8.5/../../../../lib64/ -L/lib/../lib64 -L/lib/../lib64/ -L/usr/lib/../lib64 -L/usr/lib/../lib64/ -L/glade/u/apps/dav/opt/openmpi/4.0.3/intel/19.0.5/lib/ -L/usr/lib/gcc/x86_64-redhat-linux/4.8.5/../../../ -L/lib64 -L/lib/ -L/usr/lib64 -L/usr/lib CMakeFiles/cmTryCompileExec3546656137.dir/CMakeCCompilerABI.c.o -Bstatic -lnetcdff -lnetcdf -lhdf5hl_fortran -lhdf5_hl -lhdf5_fortran -lhdf5 -lsz -lz -Bdynamic -lcurl -L/glade/u/apps/opt/intel/2019u5/compilers_and_libraries_2019.5.281/linux/compiler/lib/intel64_lin -Bstatic -limf -Bdynamic -lm -ldl -lcudart -lcublas -lrt -ldl -lrt -ldl --disable-new-dtags -rpath /glade/u/apps/dav/opt/netcdf/4.7.3/intel/19.0.5/lib -rpath /glade/u/apps/dav/opt/cuda/10.1/lib64 -rpath /glade/u/apps/dav/opt/cuda/10.1/lib -rpath /glade/u/apps/dav/opt/openmpi/4.0.3/intel/19.0.5/lib -Bdynamic -Bstatic -limf -lsvml -lirng -Bdynamic -lm -Bstatic -lipgo -ldecimal --as-needed -Bdynamic -lcilkrts -lstdc++ --no-as-needed -lgcc -lgcc_s -Bstatic -lirc -lsvml -Bdynamic -lc -lgcc -lgcc_s -Bstatic -lirc_s -Bdynamic -ldl -lc /usr/lib/gcc/x86_64-redhat-linux/4.8.5/crtend.o /usr/lib/gcc/x86_64-redhat-linux/4.8.5/../../../../lib64/crtn.o]
    arg [ld] ==> ignore
    arg [/usr/lib/gcc/x86_64-redhat-linux/4.8.5/../../../../lib64/crt1.o] ==> ignore
    arg [/usr/lib/gcc/x86_64-redhat-linux/4.8.5/../../../../lib64/crti.o] ==> ignore
    arg [/usr/lib/gcc/x86_64-redhat-linux/4.8.5/crtbegin.o] ==> ignore
    arg [-export-dynamic] ==> ignore
    arg [--eh-frame-hdr] ==> ignore
    arg [--build-id] ==> ignore
    arg [-dynamic-linker] ==> ignore
    arg [/lib64/ld-linux-x86-64.so.2] ==> ignore
    arg [-m] ==> ignore
    arg [elf_x86_64] ==> ignore
    arg [-L/glade/u/apps/dav/opt/netcdf/4.7.3/intel/19.0.5/lib] ==> dir [/glade/u/apps/dav/opt/netcdf/4.7.3/intel/19.0.5/lib]
    arg [-L/glade/u/apps/dav/opt/cuda/10.1/lib64] ==> dir [/glade/u/apps/dav/opt/cuda/10.1/lib64]
    arg [-L/glade/u/apps/dav/opt/cuda/10.1/lib] ==> dir [/glade/u/apps/dav/opt/cuda/10.1/lib]
    arg [-L/glade/u/apps/dav/opt/openmpi/4.0.3/intel/19.0.5/lib] ==> dir [/glade/u/apps/dav/opt/openmpi/4.0.3/intel/19.0.5/lib]
    arg [-o] ==> ignore
    arg [cmTryCompileExec3546656137] ==> ignore
    arg [-L/glade/u/apps/dav/opt/openmpi/4.0.3/intel/19.0.5/lib] ==> dir [/glade/u/apps/dav/opt/openmpi/4.0.3/intel/19.0.5/lib]
    arg [-L/glade/u/apps/opt/intel/2019u5/compilers_and_libraries_2019.5.281/linux/compiler/lib/intel64_lin] ==> dir [/glade/u/apps/opt/intel/2019u5/compilers_and_libraries_2019.5.281/linux/compiler/lib/intel64_lin]
    arg [-L/usr/lib/gcc/x86_64-redhat-linux/4.8.5/] ==> dir [/usr/lib/gcc/x86_64-redhat-linux/4.8.5/]
    arg [-L/usr/lib/gcc/x86_64-redhat-linux/4.8.5/../../../../lib64] ==> dir [/usr/lib/gcc/x86_64-redhat-linux/4.8.5/../../../../lib64]
    arg [-L/usr/lib/gcc/x86_64-redhat-linux/4.8.5/../../../../lib64/] ==> dir [/usr/lib/gcc/x86_64-redhat-linux/4.8.5/../../../../lib64/]
    arg [-L/lib/../lib64] ==> dir [/lib/../lib64]
    arg [-L/lib/../lib64/] ==> dir [/lib/../lib64/]
    arg [-L/usr/lib/../lib64] ==> dir [/usr/lib/../lib64]
    arg [-L/usr/lib/../lib64/] ==> dir [/usr/lib/../lib64/]
    arg [-L/glade/u/apps/dav/opt/openmpi/4.0.3/intel/19.0.5/lib/] ==> dir [/glade/u/apps/dav/opt/openmpi/4.0.3/intel/19.0.5/lib/]
    arg [-L/usr/lib/gcc/x86_64-redhat-linux/4.8.5/../../../] ==> dir [/usr/lib/gcc/x86_64-redhat-linux/4.8.5/../../../]
    arg [-L/lib64] ==> dir [/lib64]
    arg [-L/lib/] ==> dir [/lib/]
    arg [-L/usr/lib64] ==> dir [/usr/lib64]
    arg [-L/usr/lib] ==> dir [/usr/lib]
    arg [CMakeFiles/cmTryCompileExec3546656137.dir/CMakeCCompilerABI.c.o] ==> ignore
    arg [-Bstatic] ==> ignore
    arg [-lnetcdff] ==> lib [netcdff]
    arg [-lnetcdf] ==> lib [netcdf]
    arg [-lhdf5hl_fortran] ==> lib [hdf5hl_fortran]
    arg [-lhdf5_hl] ==> lib [hdf5_hl]
    arg [-lhdf5_fortran] ==> lib [hdf5_fortran]
    arg [-lhdf5] ==> lib [hdf5]
    arg [-lsz] ==> lib [sz]
    arg [-lz] ==> lib [z]
    arg [-Bdynamic] ==> ignore
    arg [-lcurl] ==> lib [curl]
    arg [-L/glade/u/apps/opt/intel/2019u5/compilers_and_libraries_2019.5.281/linux/compiler/lib/intel64_lin] ==> dir [/glade/u/apps/opt/intel/2019u5/compilers_and_libraries_2019.5.281/linux/compiler/lib/intel64_lin]
    arg [-Bstatic] ==> ignore
    arg [-limf] ==> lib [imf]
    arg [-Bdynamic] ==> ignore
    arg [-lm] ==> lib [m]
    arg [-ldl] ==> lib [dl]
    arg [-lcudart] ==> lib [cudart]
    arg [-lcublas] ==> lib [cublas]
    arg [-lrt] ==> lib [rt]
    arg [-ldl] ==> lib [dl]
    arg [-lrt] ==> lib [rt]
    arg [-ldl] ==> lib [dl]
    arg [--disable-new-dtags] ==> ignore
    arg [-rpath] ==> ignore
    arg [/glade/u/apps/dav/opt/netcdf/4.7.3/intel/19.0.5/lib] ==> ignore
    arg [-rpath] ==> ignore
    arg [/glade/u/apps/dav/opt/cuda/10.1/lib64] ==> ignore
    arg [-rpath] ==> ignore
    arg [/glade/u/apps/dav/opt/cuda/10.1/lib] ==> ignore
    arg [-rpath] ==> ignore
    arg [/glade/u/apps/dav/opt/openmpi/4.0.3/intel/19.0.5/lib] ==> ignore
    arg [-Bdynamic] ==> ignore
    arg [-Bstatic] ==> ignore
    arg [-limf] ==> lib [imf]
    arg [-lsvml] ==> lib [svml]
    arg [-lirng] ==> lib [irng]
    arg [-Bdynamic] ==> ignore
    arg [-lm] ==> lib [m]
    arg [-Bstatic] ==> ignore
    arg [-lipgo] ==> lib [ipgo]
    arg [-ldecimal] ==> lib [decimal]
    arg [--as-needed] ==> ignore
    arg [-Bdynamic] ==> ignore
    arg [-lcilkrts] ==> lib [cilkrts]
    arg [-lstdc++] ==> lib [stdc++]
    arg [--no-as-needed] ==> ignore
    arg [-lgcc] ==> lib [gcc]
    arg [-lgcc_s] ==> lib [gcc_s]
    arg [-Bstatic] ==> ignore
    arg [-lirc] ==> lib [irc]
    arg [-lsvml] ==> lib [svml]
    arg [-Bdynamic] ==> ignore
    arg [-lc] ==> lib [c]
    arg [-lgcc] ==> lib [gcc]
    arg [-lgcc_s] ==> lib [gcc_s]
    arg [-Bstatic] ==> ignore
    arg [-lirc_s] ==> lib [irc_s]
    arg [-Bdynamic] ==> ignore
    arg [-ldl] ==> lib [dl]
    arg [-lc] ==> lib [c]
    arg [/usr/lib/gcc/x86_64-redhat-linux/4.8.5/crtend.o] ==> ignore
    arg [/usr/lib/gcc/x86_64-redhat-linux/4.8.5/../../../../lib64/crtn.o] ==> ignore
  remove lib [gcc]
  remove lib [gcc_s]
  remove lib [gcc]
  remove lib [gcc_s]
  collapse library dir [/glade/u/apps/dav/opt/netcdf/4.7.3/intel/19.0.5/lib] ==> [/glade/u/apps/dav/opt/netcdf/4.7.3/intel/19.0.5/lib]
  collapse library dir [/glade/u/apps/dav/opt/cuda/10.1/lib64] ==> [/glade/u/apps/dav/opt/cuda/10.1/lib64]
  collapse library dir [/glade/u/apps/dav/opt/cuda/10.1/lib] ==> [/glade/u/apps/dav/opt/cuda/10.1/lib]
  collapse library dir [/glade/u/apps/dav/opt/openmpi/4.0.3/intel/19.0.5/lib] ==> [/glade/u/apps/dav/opt/openmpi/4.0.3/intel/19.0.5/lib]
  collapse library dir [/glade/u/apps/dav/opt/openmpi/4.0.3/intel/19.0.5/lib] ==> [/glade/u/apps/dav/opt/openmpi/4.0.3/intel/19.0.5/lib]
  collapse library dir [/glade/u/apps/opt/intel/2019u5/compilers_and_libraries_2019.5.281/linux/compiler/lib/intel64_lin] ==> [/glade/u/apps/opt/intel/2019u5/compilers_and_libraries_2019.5.281/linux/compiler/lib/intel64_lin]
  collapse library dir [/usr/lib/gcc/x86_64-redhat-linux/4.8.5/] ==> [/usr/lib/gcc/x86_64-redhat-linux/4.8.5]
  collapse library dir [/usr/lib/gcc/x86_64-redhat-linux/4.8.5/../../../../lib64] ==> [/usr/lib64]
  collapse library dir [/usr/lib/gcc/x86_64-redhat-linux/4.8.5/../../../../lib64/] ==> [/usr/lib64]
  collapse library dir [/lib/../lib64] ==> [/lib64]
  collapse library dir [/lib/../lib64/] ==> [/lib64]
  collapse library dir [/usr/lib/../lib64] ==> [/usr/lib64]
  collapse library dir [/usr/lib/../lib64/] ==> [/usr/lib64]
  collapse library dir [/glade/u/apps/dav/opt/openmpi/4.0.3/intel/19.0.5/lib/] ==> [/glade/u/apps/dav/opt/openmpi/4.0.3/intel/19.0.5/lib]
  collapse library dir [/usr/lib/gcc/x86_64-redhat-linux/4.8.5/../../../] ==> [/usr/lib]
  collapse library dir [/lib64] ==> [/lib64]
  collapse library dir [/lib/] ==> [/lib]
  collapse library dir [/usr/lib64] ==> [/usr/lib64]
  collapse library dir [/usr/lib] ==> [/usr/lib]
  collapse library dir [/glade/u/apps/opt/intel/2019u5/compilers_and_libraries_2019.5.281/linux/compiler/lib/intel64_lin] ==> [/glade/u/apps/opt/intel/2019u5/compilers_and_libraries_2019.5.281/linux/compiler/lib/intel64_lin]
  implicit libs: [netcdff;netcdf;hdf5hl_fortran;hdf5_hl;hdf5_fortran;hdf5;sz;z;curl;imf;m;dl;cudart;cublas;rt;dl;rt;dl;imf;svml;irng;m;ipgo;decimal;cilkrts;stdc++;irc;svml;c;irc_s;dl;c]
  implicit dirs: [/glade/u/apps/dav/opt/netcdf/4.7.3/intel/19.0.5/lib;/glade/u/apps/dav/opt/cuda/10.1/lib64;/glade/u/apps/dav/opt/cuda/10.1/lib;/glade/u/apps/dav/opt/openmpi/4.0.3/intel/19.0.5/lib;/glade/u/apps/opt/intel/2019u5/compilers_and_libraries_2019.5.281/linux/compiler/lib/intel64_lin;/usr/lib/gcc/x86_64-redhat-linux/4.8.5;/usr/lib64;/lib64;/usr/lib;/lib]
  implicit fwks: []


Determining if the CXX compiler works passed with the following output:
Change Dir: /glade/u/home/shivanis/Shivani/Sample-Cuda-Program/cuda_add/build/CMakeFiles/CMakeTmp

Run Build Command:/bin/gmake "cmTryCompileExec450461591/fast"
/bin/gmake -f CMakeFiles/cmTryCompileExec450461591.dir/build.make CMakeFiles/cmTryCompileExec450461591.dir/build
gmake[1]: Entering directory `/glade/u/home/shivanis/Shivani/Sample-Cuda-Program/cuda_add/build/CMakeFiles/CMakeTmp'
/usr/bin/cmake -E cmake_progress_report /glade/u/home/shivanis/Shivani/Sample-Cuda-Program/cuda_add/build/CMakeFiles/CMakeTmp/CMakeFiles 1
Building CXX object CMakeFiles/cmTryCompileExec450461591.dir/testCXXCompiler.cxx.o
/glade/u/apps/dav/opt/ncarcompilers/0.5.0/intel/19.0.5/icpc     -o CMakeFiles/cmTryCompileExec450461591.dir/testCXXCompiler.cxx.o -c /glade/u/home/shivanis/Shivani/Sample-Cuda-Program/cuda_add/build/CMakeFiles/CMakeTmp/testCXXCompiler.cxx
Linking CXX executable cmTryCompileExec450461591
/usr/bin/cmake -E cmake_link_script CMakeFiles/cmTryCompileExec450461591.dir/link.txt --verbose=1
/glade/u/apps/dav/opt/ncarcompilers/0.5.0/intel/19.0.5/icpc        CMakeFiles/cmTryCompileExec450461591.dir/testCXXCompiler.cxx.o  -o cmTryCompileExec450461591 -rdynamic 
gmake[1]: Leaving directory `/glade/u/home/shivanis/Shivani/Sample-Cuda-Program/cuda_add/build/CMakeFiles/CMakeTmp'


Detecting CXX compiler ABI info compiled with the following output:
Change Dir: /glade/u/home/shivanis/Shivani/Sample-Cuda-Program/cuda_add/build/CMakeFiles/CMakeTmp

Run Build Command:/bin/gmake "cmTryCompileExec1684593358/fast"
/bin/gmake -f CMakeFiles/cmTryCompileExec1684593358.dir/build.make CMakeFiles/cmTryCompileExec1684593358.dir/build
gmake[1]: Entering directory `/glade/u/home/shivanis/Shivani/Sample-Cuda-Program/cuda_add/build/CMakeFiles/CMakeTmp'
/usr/bin/cmake -E cmake_progress_report /glade/u/home/shivanis/Shivani/Sample-Cuda-Program/cuda_add/build/CMakeFiles/CMakeTmp/CMakeFiles 1
Building CXX object CMakeFiles/cmTryCompileExec1684593358.dir/CMakeCXXCompilerABI.cpp.o
/glade/u/apps/dav/opt/ncarcompilers/0.5.0/intel/19.0.5/icpc     -o CMakeFiles/cmTryCompileExec1684593358.dir/CMakeCXXCompilerABI.cpp.o -c /usr/share/cmake/Modules/CMakeCXXCompilerABI.cpp
Linking CXX executable cmTryCompileExec1684593358
/usr/bin/cmake -E cmake_link_script CMakeFiles/cmTryCompileExec1684593358.dir/link.txt --verbose=1
/glade/u/apps/dav/opt/ncarcompilers/0.5.0/intel/19.0.5/icpc      -v CMakeFiles/cmTryCompileExec1684593358.dir/CMakeCXXCompilerABI.cpp.o  -o cmTryCompileExec1684593358 -rdynamic  
icpc version 19.0.5.281 (gcc version 4.8.5 compatibility)
/glade/u/apps/opt/intel/2019u5/compilers_and_libraries_2019.5.281/linux/bin/intel64/mcpcom    -mGLOB_em64t=TRUE -mP1OPT_version=19.0-intel64 -mGLOB_diag_file=CMakeFiles/cmTryCompileExec1684593358.dir/CMakeCXXCompilerABI.cpp.diag -mGLOB_long_size_64 -mGLOB_routine_pointer_size_64 -mP1OPT_print_version=FALSE -mCG_use_gas_got_workaround=F -mP2OPT_align_option_used=TRUE -mGLOB_gcc_version=485 "-mGLOB_options_string=-I/glade/u/apps/dav/opt/netcdf/4.7.3/intel/19.0.5/include -I/glade/u/apps/dav/opt/cuda/10.1/include -v -o cmTryCompileExec1684593358 -rdynamic -Wl,-Bstatic -lnetcdff -lnetcdf -lhdf5hl_fortran -lhdf5_hl -lhdf5_fortran -lhdf5 -lsz -lz -Wl,-Bdynamic -lcurl -lm -ldl -lcudart -lcublas -lrt -ldl -lrt -ldl -Wl,--disable-new-dtags -L/glade/u/apps/dav/opt/netcdf/4.7.3/intel/19.0.5/lib -L/glade/u/apps/dav/opt/cuda/10.1/lib64 -L/glade/u/apps/dav/opt/cuda/10.1/lib -L/glade/u/apps/dav/opt/openmpi/4.0.3/intel/19.0.5/lib -Wl,-rpath,/glade/u/apps/dav/opt/netcdf/4.7.3/intel/19.0.5/lib -Wl,-rpath,/glade/u/apps/dav/opt/cuda/10.1/lib64 -Wl,-rpath,/glade/u/apps/dav/opt/cuda/10.1/lib -Wl,-rpath,/glade/u/apps/dav/opt/openmpi/4.0.3/intel/19.0.5/lib" -mGLOB_cxx_limited_range=FALSE -mCG_extend_parms=FALSE -mGLOB_compiler_bin_directory=/glade/u/apps/opt/intel/2019u5/compilers_and_libraries_2019.5.281/linux/bin/intel64 -mGLOB_as_output_backup_file_name=/glade/scratch/shivanis/icpcmFotlXas_.s -mGLOB_dashboard_use_source_name -mIPOPT_activate -mGLOB_product_id_code=0x22006d90 -mP3OPT_use_mspp_call_convention -mP2OPT_subs_out_of_bound=FALSE -mP2OPT_disam_type_based_disam=2 -mP2OPT_disam_assume_ansi_c -mP2OPT_checked_disam_ansi_alias=TRUE -mGLOB_ansi_alias -mPGOPTI_value_profile_use=T -mGLOB_opt_report_use_source_name -mP2OPT_il0_array_sections=TRUE -mGLOB_offload_mode=1 -mP2OPT_offload_unique_var_string=icpc188036276126kj4q -mP2OPT_hlo -mP2OPT_hpo_rtt_control=0 -mIPOPT_args_in_regs=0 -mP2OPT_disam_assume_nonstd_intent_in=FALSE -mGLOB_imf_mapping_library=/glade/u/apps/opt/intel/2019u5/compilers_and_libraries_2019.5.281/linux/bin/intel64/libiml_attr.so -mPGOPTI_gen_threadsafe_level=0 -mIPOPT_link -mIPOPT_ipo_activate -mIPOPT_mo_activate -mIPOPT_source_files_list=/glade/scratch/shivanis/icpcslisOMC7Pp -mIPOPT_mo_global_data -mIPOPT_link_script_file=/glade/scratch/shivanis/icpcscriptHSdMAb "-mIPOPT_cmdline_link="/usr/lib/gcc/x86_64-redhat-linux/4.8.5/../../../../lib64/crt1.o" "/usr/lib/gcc/x86_64-redhat-linux/4.8.5/../../../../lib64/crti.o" "/usr/lib/gcc/x86_64-redhat-linux/4.8.5/crtbegin.o" "-export-dynamic" "--eh-frame-hdr" "--build-id" "-dynamic-linker" "/lib64/ld-linux-x86-64.so.2" "-m" "elf_x86_64" "-L/glade/u/apps/dav/opt/netcdf/4.7.3/intel/19.0.5/lib" "-L/glade/u/apps/dav/opt/cuda/10.1/lib64" "-L/glade/u/apps/dav/opt/cuda/10.1/lib" "-L/glade/u/apps/dav/opt/openmpi/4.0.3/intel/19.0.5/lib" "-o" "cmTryCompileExec1684593358" "-L/glade/u/apps/dav/opt/openmpi/4.0.3/intel/19.0.5/lib" "-L/glade/u/apps/opt/intel/2019u5/compilers_and_libraries_2019.5.281/linux/compiler/lib/intel64_lin" "-L/usr/lib/gcc/x86_64-redhat-linux/4.8.5/" "-L/usr/lib/gcc/x86_64-redhat-linux/4.8.5/../../../../lib64" "-L/usr/lib/gcc/x86_64-redhat-linux/4.8.5/../../../../lib64/" "-L/lib/../lib64" "-L/lib/../lib64/" "-L/usr/lib/../lib64" "-L/usr/lib/../lib64/" "-L/glade/u/apps/dav/opt/openmpi/4.0.3/intel/19.0.5/lib/" "-L/usr/lib/gcc/x86_64-redhat-linux/4.8.5/../../../" "-L/lib64" "-L/lib/" "-L/usr/lib64" "-L/usr/lib" "CMakeFiles/cmTryCompileExec1684593358.dir/CMakeCXXCompilerABI.cpp.o" "-Bstatic" "-lnetcdff" "-lnetcdf" "-lhdf5hl_fortran" "-lhdf5_hl" "-lhdf5_fortran" "-lhdf5" "-lsz" "-lz" "-Bdynamic" "-lcurl" "-L/glade/u/apps/opt/intel/2019u5/compilers_and_libraries_2019.5.281/linux/compiler/lib/intel64_lin" "-Bstatic" "-limf" "-Bdynamic" "-lm" "-ldl" "-lcudart" "-lcublas" "-lrt" "-ldl" "-lrt" "-ldl" "--disable-new-dtags" "-rpath" "/glade/u/apps/dav/opt/netcdf/4.7.3/intel/19.0.5/lib" "-rpath" "/glade/u/apps/dav/opt/cuda/10.1/lib64" "-rpath" "/glade/u/apps/dav/opt/cuda/10.1/lib" "-rpath" "/glade/u/apps/dav/opt/openmpi/4.0.3/intel/19.0.5/lib" "-Bdynamic" "-Bstatic" "-limf" "-lsvml" "-lirng" "-Bdynamic" "-lstdc++" "-lm" "-Bstatic" "-lipgo" "-ldecimal" "--as-needed" "-Bdynamic" "-lcilkrts" "--no-as-needed" "-lstdc++" "-lgcc" "-lgcc_s" "-Bstatic" "-lirc" "-lsvml" "-Bdynamic" "-lc" "-lgcc" "-lgcc_s" "-Bstatic" "-lirc_s" "-Bdynamic" "-ldl" "-lc" "/usr/lib/gcc/x86_64-redhat-linux/4.8.5/crtend.o" "/usr/lib/gcc/x86_64-redhat-linux/4.8.5/../../../../lib64/crtn.o"" -mIPOPT_il_in_obj -mIPOPT_ipo_activate_warn=FALSE -mIPOPT_obj_output_file_name=/glade/scratch/shivanis/ipo_icpcu3NpkN.o -mIPOPT_whole_archive_fixup_file_name=/glade/scratch/shivanis/icpcwarchIwWlRu -mGLOB_linker_version=2.25.1 -mGLOB_linker=ld -mGLOB_driver_tempfile_name=/glade/scratch/shivanis/icpctempfilezxtwCg -mP3OPT_asm_target=P3OPT_ASM_TARGET_GAS -mGLOB_async_unwind_tables=TRUE -mGLOB_obj_output_file=/glade/scratch/shivanis/ipo_icpcu3NpkN.o -mGLOB_source_dialect=GLOB_SOURCE_DIALECT_NONE -mP1OPT_source_file_name=ipo_out.c CMakeFiles/cmTryCompileExec1684593358.dir/CMakeCXXCompilerABI.cpp.o -mIPOPT_object_files=T -mIPOPT_assembly_files=/glade/scratch/shivanis/icpcalise0qAPk -mIPOPT_generated_tempfiles=/glade/scratch/shivanis/icpcelisXVZbA6 -mIPOPT_embedded_object_base_name=/glade/scratch/shivanis/icpceobjQgKOkS -mIPOPT_cmdline_link_new_name=/glade/scratch/shivanis/icpcllisbdBs5D
ld    /usr/lib/gcc/x86_64-redhat-linux/4.8.5/../../../../lib64/crt1.o /usr/lib/gcc/x86_64-redhat-linux/4.8.5/../../../../lib64/crti.o /usr/lib/gcc/x86_64-redhat-linux/4.8.5/crtbegin.o -export-dynamic --eh-frame-hdr --build-id -dynamic-linker /lib64/ld-linux-x86-64.so.2 -m elf_x86_64 -L/glade/u/apps/dav/opt/netcdf/4.7.3/intel/19.0.5/lib -L/glade/u/apps/dav/opt/cuda/10.1/lib64 -L/glade/u/apps/dav/opt/cuda/10.1/lib -L/glade/u/apps/dav/opt/openmpi/4.0.3/intel/19.0.5/lib -o cmTryCompileExec1684593358 -L/glade/u/apps/dav/opt/openmpi/4.0.3/intel/19.0.5/lib -L/glade/u/apps/opt/intel/2019u5/compilers_and_libraries_2019.5.281/linux/compiler/lib/intel64_lin -L/usr/lib/gcc/x86_64-redhat-linux/4.8.5/ -L/usr/lib/gcc/x86_64-redhat-linux/4.8.5/../../../../lib64 -L/usr/lib/gcc/x86_64-redhat-linux/4.8.5/../../../../lib64/ -L/lib/../lib64 -L/lib/../lib64/ -L/usr/lib/../lib64 -L/usr/lib/../lib64/ -L/glade/u/apps/dav/opt/openmpi/4.0.3/intel/19.0.5/lib/ -L/usr/lib/gcc/x86_64-redhat-linux/4.8.5/../../../ -L/lib64 -L/lib/ -L/usr/lib64 -L/usr/lib CMakeFiles/cmTryCompileExec1684593358.dir/CMakeCXXCompilerABI.cpp.o -Bstatic -lnetcdff -lnetcdf -lhdf5hl_fortran -lhdf5_hl -lhdf5_fortran -lhdf5 -lsz -lz -Bdynamic -lcurl -L/glade/u/apps/opt/intel/2019u5/compilers_and_libraries_2019.5.281/linux/compiler/lib/intel64_lin -Bstatic -limf -Bdynamic -lm -ldl -lcudart -lcublas -lrt -ldl -lrt -ldl --disable-new-dtags -rpath /glade/u/apps/dav/opt/netcdf/4.7.3/intel/19.0.5/lib -rpath /glade/u/apps/dav/opt/cuda/10.1/lib64 -rpath /glade/u/apps/dav/opt/cuda/10.1/lib -rpath /glade/u/apps/dav/opt/openmpi/4.0.3/intel/19.0.5/lib -Bdynamic -Bstatic -limf -lsvml -lirng -Bdynamic -lstdc++ -lm -Bstatic -lipgo -ldecimal --as-needed -Bdynamic -lcilkrts --no-as-needed -lstdc++ -lgcc -lgcc_s -Bstatic -lirc -lsvml -Bdynamic -lc -lgcc -lgcc_s -Bstatic -lirc_s -Bdynamic -ldl -lc /usr/lib/gcc/x86_64-redhat-linux/4.8.5/crtend.o /usr/lib/gcc/x86_64-redhat-linux/4.8.5/../../../../lib64/crtn.o
gmake[1]: Leaving directory `/glade/u/home/shivanis/Shivani/Sample-Cuda-Program/cuda_add/build/CMakeFiles/CMakeTmp'


Parsed CXX implicit link information from above output:
  link line regex: [^( *|.*[/\])(ld|([^/\]+-)?ld|collect2)[^/\]*( |$)]
  ignore line: [Change Dir: /glade/u/home/shivanis/Shivani/Sample-Cuda-Program/cuda_add/build/CMakeFiles/CMakeTmp]
  ignore line: []
  ignore line: [Run Build Command:/bin/gmake "cmTryCompileExec1684593358/fast"]
  ignore line: [/bin/gmake -f CMakeFiles/cmTryCompileExec1684593358.dir/build.make CMakeFiles/cmTryCompileExec1684593358.dir/build]
  ignore line: [gmake[1]: Entering directory `/glade/u/home/shivanis/Shivani/Sample-Cuda-Program/cuda_add/build/CMakeFiles/CMakeTmp']
  ignore line: [/usr/bin/cmake -E cmake_progress_report /glade/u/home/shivanis/Shivani/Sample-Cuda-Program/cuda_add/build/CMakeFiles/CMakeTmp/CMakeFiles 1]
  ignore line: [Building CXX object CMakeFiles/cmTryCompileExec1684593358.dir/CMakeCXXCompilerABI.cpp.o]
  ignore line: [/glade/u/apps/dav/opt/ncarcompilers/0.5.0/intel/19.0.5/icpc     -o CMakeFiles/cmTryCompileExec1684593358.dir/CMakeCXXCompilerABI.cpp.o -c /usr/share/cmake/Modules/CMakeCXXCompilerABI.cpp]
  ignore line: [Linking CXX executable cmTryCompileExec1684593358]
  ignore line: [/usr/bin/cmake -E cmake_link_script CMakeFiles/cmTryCompileExec1684593358.dir/link.txt --verbose=1]
  ignore line: [/glade/u/apps/dav/opt/ncarcompilers/0.5.0/intel/19.0.5/icpc      -v CMakeFiles/cmTryCompileExec1684593358.dir/CMakeCXXCompilerABI.cpp.o  -o cmTryCompileExec1684593358 -rdynamic  ]
  ignore line: [icpc version 19.0.5.281 (gcc version 4.8.5 compatibility)]
  ignore line: [/glade/u/apps/opt/intel/2019u5/compilers_and_libraries_2019.5.281/linux/bin/intel64/mcpcom    -mGLOB_em64t=TRUE -mP1OPT_version=19.0-intel64 -mGLOB_diag_file=CMakeFiles/cmTryCompileExec1684593358.dir/CMakeCXXCompilerABI.cpp.diag -mGLOB_long_size_64 -mGLOB_routine_pointer_size_64 -mP1OPT_print_version=FALSE -mCG_use_gas_got_workaround=F -mP2OPT_align_option_used=TRUE -mGLOB_gcc_version=485 "-mGLOB_options_string=-I/glade/u/apps/dav/opt/netcdf/4.7.3/intel/19.0.5/include -I/glade/u/apps/dav/opt/cuda/10.1/include -v -o cmTryCompileExec1684593358 -rdynamic -Wl,-Bstatic -lnetcdff -lnetcdf -lhdf5hl_fortran -lhdf5_hl -lhdf5_fortran -lhdf5 -lsz -lz -Wl,-Bdynamic -lcurl -lm -ldl -lcudart -lcublas -lrt -ldl -lrt -ldl -Wl,--disable-new-dtags -L/glade/u/apps/dav/opt/netcdf/4.7.3/intel/19.0.5/lib -L/glade/u/apps/dav/opt/cuda/10.1/lib64 -L/glade/u/apps/dav/opt/cuda/10.1/lib -L/glade/u/apps/dav/opt/openmpi/4.0.3/intel/19.0.5/lib -Wl,-rpath,/glade/u/apps/dav/opt/netcdf/4.7.3/intel/19.0.5/lib -Wl,-rpath,/glade/u/apps/dav/opt/cuda/10.1/lib64 -Wl,-rpath,/glade/u/apps/dav/opt/cuda/10.1/lib -Wl,-rpath,/glade/u/apps/dav/opt/openmpi/4.0.3/intel/19.0.5/lib" -mGLOB_cxx_limited_range=FALSE -mCG_extend_parms=FALSE -mGLOB_compiler_bin_directory=/glade/u/apps/opt/intel/2019u5/compilers_and_libraries_2019.5.281/linux/bin/intel64 -mGLOB_as_output_backup_file_name=/glade/scratch/shivanis/icpcmFotlXas_.s -mGLOB_dashboard_use_source_name -mIPOPT_activate -mGLOB_product_id_code=0x22006d90 -mP3OPT_use_mspp_call_convention -mP2OPT_subs_out_of_bound=FALSE -mP2OPT_disam_type_based_disam=2 -mP2OPT_disam_assume_ansi_c -mP2OPT_checked_disam_ansi_alias=TRUE -mGLOB_ansi_alias -mPGOPTI_value_profile_use=T -mGLOB_opt_report_use_source_name -mP2OPT_il0_array_sections=TRUE -mGLOB_offload_mode=1 -mP2OPT_offload_unique_var_string=icpc188036276126kj4q -mP2OPT_hlo -mP2OPT_hpo_rtt_control=0 -mIPOPT_args_in_regs=0 -mP2OPT_disam_assume_nonstd_intent_in=FALSE -mGLOB_imf_mapping_library=/glade/u/apps/opt/intel/2019u5/compilers_and_libraries_2019.5.281/linux/bin/intel64/libiml_attr.so -mPGOPTI_gen_threadsafe_level=0 -mIPOPT_link -mIPOPT_ipo_activate -mIPOPT_mo_activate -mIPOPT_source_files_list=/glade/scratch/shivanis/icpcslisOMC7Pp -mIPOPT_mo_global_data -mIPOPT_link_script_file=/glade/scratch/shivanis/icpcscriptHSdMAb "-mIPOPT_cmdline_link="/usr/lib/gcc/x86_64-redhat-linux/4.8.5/../../../../lib64/crt1.o" "/usr/lib/gcc/x86_64-redhat-linux/4.8.5/../../../../lib64/crti.o" "/usr/lib/gcc/x86_64-redhat-linux/4.8.5/crtbegin.o" "-export-dynamic" "--eh-frame-hdr" "--build-id" "-dynamic-linker" "/lib64/ld-linux-x86-64.so.2" "-m" "elf_x86_64" "-L/glade/u/apps/dav/opt/netcdf/4.7.3/intel/19.0.5/lib" "-L/glade/u/apps/dav/opt/cuda/10.1/lib64" "-L/glade/u/apps/dav/opt/cuda/10.1/lib" "-L/glade/u/apps/dav/opt/openmpi/4.0.3/intel/19.0.5/lib" "-o" "cmTryCompileExec1684593358" "-L/glade/u/apps/dav/opt/openmpi/4.0.3/intel/19.0.5/lib" "-L/glade/u/apps/opt/intel/2019u5/compilers_and_libraries_2019.5.281/linux/compiler/lib/intel64_lin" "-L/usr/lib/gcc/x86_64-redhat-linux/4.8.5/" "-L/usr/lib/gcc/x86_64-redhat-linux/4.8.5/../../../../lib64" "-L/usr/lib/gcc/x86_64-redhat-linux/4.8.5/../../../../lib64/" "-L/lib/../lib64" "-L/lib/../lib64/" "-L/usr/lib/../lib64" "-L/usr/lib/../lib64/" "-L/glade/u/apps/dav/opt/openmpi/4.0.3/intel/19.0.5/lib/" "-L/usr/lib/gcc/x86_64-redhat-linux/4.8.5/../../../" "-L/lib64" "-L/lib/" "-L/usr/lib64" "-L/usr/lib" "CMakeFiles/cmTryCompileExec1684593358.dir/CMakeCXXCompilerABI.cpp.o" "-Bstatic" "-lnetcdff" "-lnetcdf" "-lhdf5hl_fortran" "-lhdf5_hl" "-lhdf5_fortran" "-lhdf5" "-lsz" "-lz" "-Bdynamic" "-lcurl" "-L/glade/u/apps/opt/intel/2019u5/compilers_and_libraries_2019.5.281/linux/compiler/lib/intel64_lin" "-Bstatic" "-limf" "-Bdynamic" "-lm" "-ldl" "-lcudart" "-lcublas" "-lrt" "-ldl" "-lrt" "-ldl" "--disable-new-dtags" "-rpath" "/glade/u/apps/dav/opt/netcdf/4.7.3/intel/19.0.5/lib" "-rpath" "/glade/u/apps/dav/opt/cuda/10.1/lib64" "-rpath" "/glade/u/apps/dav/opt/cuda/10.1/lib" "-rpath" "/glade/u/apps/dav/opt/openmpi/4.0.3/intel/19.0.5/lib" "-Bdynamic" "-Bstatic" "-limf" "-lsvml" "-lirng" "-Bdynamic" "-lstdc++" "-lm" "-Bstatic" "-lipgo" "-ldecimal" "--as-needed" "-Bdynamic" "-lcilkrts" "--no-as-needed" "-lstdc++" "-lgcc" "-lgcc_s" "-Bstatic" "-lirc" "-lsvml" "-Bdynamic" "-lc" "-lgcc" "-lgcc_s" "-Bstatic" "-lirc_s" "-Bdynamic" "-ldl" "-lc" "/usr/lib/gcc/x86_64-redhat-linux/4.8.5/crtend.o" "/usr/lib/gcc/x86_64-redhat-linux/4.8.5/../../../../lib64/crtn.o"" -mIPOPT_il_in_obj -mIPOPT_ipo_activate_warn=FALSE -mIPOPT_obj_output_file_name=/glade/scratch/shivanis/ipo_icpcu3NpkN.o -mIPOPT_whole_archive_fixup_file_name=/glade/scratch/shivanis/icpcwarchIwWlRu -mGLOB_linker_version=2.25.1 -mGLOB_linker=ld -mGLOB_driver_tempfile_name=/glade/scratch/shivanis/icpctempfilezxtwCg -mP3OPT_asm_target=P3OPT_ASM_TARGET_GAS -mGLOB_async_unwind_tables=TRUE -mGLOB_obj_output_file=/glade/scratch/shivanis/ipo_icpcu3NpkN.o -mGLOB_source_dialect=GLOB_SOURCE_DIALECT_NONE -mP1OPT_source_file_name=ipo_out.c CMakeFiles/cmTryCompileExec1684593358.dir/CMakeCXXCompilerABI.cpp.o -mIPOPT_object_files=T -mIPOPT_assembly_files=/glade/scratch/shivanis/icpcalise0qAPk -mIPOPT_generated_tempfiles=/glade/scratch/shivanis/icpcelisXVZbA6 -mIPOPT_embedded_object_base_name=/glade/scratch/shivanis/icpceobjQgKOkS -mIPOPT_cmdline_link_new_name=/glade/scratch/shivanis/icpcllisbdBs5D]
  link line: [ld    /usr/lib/gcc/x86_64-redhat-linux/4.8.5/../../../../lib64/crt1.o /usr/lib/gcc/x86_64-redhat-linux/4.8.5/../../../../lib64/crti.o /usr/lib/gcc/x86_64-redhat-linux/4.8.5/crtbegin.o -export-dynamic --eh-frame-hdr --build-id -dynamic-linker /lib64/ld-linux-x86-64.so.2 -m elf_x86_64 -L/glade/u/apps/dav/opt/netcdf/4.7.3/intel/19.0.5/lib -L/glade/u/apps/dav/opt/cuda/10.1/lib64 -L/glade/u/apps/dav/opt/cuda/10.1/lib -L/glade/u/apps/dav/opt/openmpi/4.0.3/intel/19.0.5/lib -o cmTryCompileExec1684593358 -L/glade/u/apps/dav/opt/openmpi/4.0.3/intel/19.0.5/lib -L/glade/u/apps/opt/intel/2019u5/compilers_and_libraries_2019.5.281/linux/compiler/lib/intel64_lin -L/usr/lib/gcc/x86_64-redhat-linux/4.8.5/ -L/usr/lib/gcc/x86_64-redhat-linux/4.8.5/../../../../lib64 -L/usr/lib/gcc/x86_64-redhat-linux/4.8.5/../../../../lib64/ -L/lib/../lib64 -L/lib/../lib64/ -L/usr/lib/../lib64 -L/usr/lib/../lib64/ -L/glade/u/apps/dav/opt/openmpi/4.0.3/intel/19.0.5/lib/ -L/usr/lib/gcc/x86_64-redhat-linux/4.8.5/../../../ -L/lib64 -L/lib/ -L/usr/lib64 -L/usr/lib CMakeFiles/cmTryCompileExec1684593358.dir/CMakeCXXCompilerABI.cpp.o -Bstatic -lnetcdff -lnetcdf -lhdf5hl_fortran -lhdf5_hl -lhdf5_fortran -lhdf5 -lsz -lz -Bdynamic -lcurl -L/glade/u/apps/opt/intel/2019u5/compilers_and_libraries_2019.5.281/linux/compiler/lib/intel64_lin -Bstatic -limf -Bdynamic -lm -ldl -lcudart -lcublas -lrt -ldl -lrt -ldl --disable-new-dtags -rpath /glade/u/apps/dav/opt/netcdf/4.7.3/intel/19.0.5/lib -rpath /glade/u/apps/dav/opt/cuda/10.1/lib64 -rpath /glade/u/apps/dav/opt/cuda/10.1/lib -rpath /glade/u/apps/dav/opt/openmpi/4.0.3/intel/19.0.5/lib -Bdynamic -Bstatic -limf -lsvml -lirng -Bdynamic -lstdc++ -lm -Bstatic -lipgo -ldecimal --as-needed -Bdynamic -lcilkrts --no-as-needed -lstdc++ -lgcc -lgcc_s -Bstatic -lirc -lsvml -Bdynamic -lc -lgcc -lgcc_s -Bstatic -lirc_s -Bdynamic -ldl -lc /usr/lib/gcc/x86_64-redhat-linux/4.8.5/crtend.o /usr/lib/gcc/x86_64-redhat-linux/4.8.5/../../../../lib64/crtn.o]
    arg [ld] ==> ignore
    arg [/usr/lib/gcc/x86_64-redhat-linux/4.8.5/../../../../lib64/crt1.o] ==> ignore
    arg [/usr/lib/gcc/x86_64-redhat-linux/4.8.5/../../../../lib64/crti.o] ==> ignore
    arg [/usr/lib/gcc/x86_64-redhat-linux/4.8.5/crtbegin.o] ==> ignore
    arg [-export-dynamic] ==> ignore
    arg [--eh-frame-hdr] ==> ignore
    arg [--build-id] ==> ignore
    arg [-dynamic-linker] ==> ignore
    arg [/lib64/ld-linux-x86-64.so.2] ==> ignore
    arg [-m] ==> ignore
    arg [elf_x86_64] ==> ignore
    arg [-L/glade/u/apps/dav/opt/netcdf/4.7.3/intel/19.0.5/lib] ==> dir [/glade/u/apps/dav/opt/netcdf/4.7.3/intel/19.0.5/lib]
    arg [-L/glade/u/apps/dav/opt/cuda/10.1/lib64] ==> dir [/glade/u/apps/dav/opt/cuda/10.1/lib64]
    arg [-L/glade/u/apps/dav/opt/cuda/10.1/lib] ==> dir [/glade/u/apps/dav/opt/cuda/10.1/lib]
    arg [-L/glade/u/apps/dav/opt/openmpi/4.0.3/intel/19.0.5/lib] ==> dir [/glade/u/apps/dav/opt/openmpi/4.0.3/intel/19.0.5/lib]
    arg [-o] ==> ignore
    arg [cmTryCompileExec1684593358] ==> ignore
    arg [-L/glade/u/apps/dav/opt/openmpi/4.0.3/intel/19.0.5/lib] ==> dir [/glade/u/apps/dav/opt/openmpi/4.0.3/intel/19.0.5/lib]
    arg [-L/glade/u/apps/opt/intel/2019u5/compilers_and_libraries_2019.5.281/linux/compiler/lib/intel64_lin] ==> dir [/glade/u/apps/opt/intel/2019u5/compilers_and_libraries_2019.5.281/linux/compiler/lib/intel64_lin]
    arg [-L/usr/lib/gcc/x86_64-redhat-linux/4.8.5/] ==> dir [/usr/lib/gcc/x86_64-redhat-linux/4.8.5/]
    arg [-L/usr/lib/gcc/x86_64-redhat-linux/4.8.5/../../../../lib64] ==> dir [/usr/lib/gcc/x86_64-redhat-linux/4.8.5/../../../../lib64]
    arg [-L/usr/lib/gcc/x86_64-redhat-linux/4.8.5/../../../../lib64/] ==> dir [/usr/lib/gcc/x86_64-redhat-linux/4.8.5/../../../../lib64/]
    arg [-L/lib/../lib64] ==> dir [/lib/../lib64]
    arg [-L/lib/../lib64/] ==> dir [/lib/../lib64/]
    arg [-L/usr/lib/../lib64] ==> dir [/usr/lib/../lib64]
    arg [-L/usr/lib/../lib64/] ==> dir [/usr/lib/../lib64/]
    arg [-L/glade/u/apps/dav/opt/openmpi/4.0.3/intel/19.0.5/lib/] ==> dir [/glade/u/apps/dav/opt/openmpi/4.0.3/intel/19.0.5/lib/]
    arg [-L/usr/lib/gcc/x86_64-redhat-linux/4.8.5/../../../] ==> dir [/usr/lib/gcc/x86_64-redhat-linux/4.8.5/../../../]
    arg [-L/lib64] ==> dir [/lib64]
    arg [-L/lib/] ==> dir [/lib/]
    arg [-L/usr/lib64] ==> dir [/usr/lib64]
    arg [-L/usr/lib] ==> dir [/usr/lib]
    arg [CMakeFiles/cmTryCompileExec1684593358.dir/CMakeCXXCompilerABI.cpp.o] ==> ignore
    arg [-Bstatic] ==> ignore
    arg [-lnetcdff] ==> lib [netcdff]
    arg [-lnetcdf] ==> lib [netcdf]
    arg [-lhdf5hl_fortran] ==> lib [hdf5hl_fortran]
    arg [-lhdf5_hl] ==> lib [hdf5_hl]
    arg [-lhdf5_fortran] ==> lib [hdf5_fortran]
    arg [-lhdf5] ==> lib [hdf5]
    arg [-lsz] ==> lib [sz]
    arg [-lz] ==> lib [z]
    arg [-Bdynamic] ==> ignore
    arg [-lcurl] ==> lib [curl]
    arg [-L/glade/u/apps/opt/intel/2019u5/compilers_and_libraries_2019.5.281/linux/compiler/lib/intel64_lin] ==> dir [/glade/u/apps/opt/intel/2019u5/compilers_and_libraries_2019.5.281/linux/compiler/lib/intel64_lin]
    arg [-Bstatic] ==> ignore
    arg [-limf] ==> lib [imf]
    arg [-Bdynamic] ==> ignore
    arg [-lm] ==> lib [m]
    arg [-ldl] ==> lib [dl]
    arg [-lcudart] ==> lib [cudart]
    arg [-lcublas] ==> lib [cublas]
    arg [-lrt] ==> lib [rt]
    arg [-ldl] ==> lib [dl]
    arg [-lrt] ==> lib [rt]
    arg [-ldl] ==> lib [dl]
    arg [--disable-new-dtags] ==> ignore
    arg [-rpath] ==> ignore
    arg [/glade/u/apps/dav/opt/netcdf/4.7.3/intel/19.0.5/lib] ==> ignore
    arg [-rpath] ==> ignore
    arg [/glade/u/apps/dav/opt/cuda/10.1/lib64] ==> ignore
    arg [-rpath] ==> ignore
    arg [/glade/u/apps/dav/opt/cuda/10.1/lib] ==> ignore
    arg [-rpath] ==> ignore
    arg [/glade/u/apps/dav/opt/openmpi/4.0.3/intel/19.0.5/lib] ==> ignore
    arg [-Bdynamic] ==> ignore
    arg [-Bstatic] ==> ignore
    arg [-limf] ==> lib [imf]
    arg [-lsvml] ==> lib [svml]
    arg [-lirng] ==> lib [irng]
    arg [-Bdynamic] ==> ignore
    arg [-lstdc++] ==> lib [stdc++]
    arg [-lm] ==> lib [m]
    arg [-Bstatic] ==> ignore
    arg [-lipgo] ==> lib [ipgo]
    arg [-ldecimal] ==> lib [decimal]
    arg [--as-needed] ==> ignore
    arg [-Bdynamic] ==> ignore
    arg [-lcilkrts] ==> lib [cilkrts]
    arg [--no-as-needed] ==> ignore
    arg [-lstdc++] ==> lib [stdc++]
    arg [-lgcc] ==> lib [gcc]
    arg [-lgcc_s] ==> lib [gcc_s]
    arg [-Bstatic] ==> ignore
    arg [-lirc] ==> lib [irc]
    arg [-lsvml] ==> lib [svml]
    arg [-Bdynamic] ==> ignore
    arg [-lc] ==> lib [c]
    arg [-lgcc] ==> lib [gcc]
    arg [-lgcc_s] ==> lib [gcc_s]
    arg [-Bstatic] ==> ignore
    arg [-lirc_s] ==> lib [irc_s]
    arg [-Bdynamic] ==> ignore
    arg [-ldl] ==> lib [dl]
    arg [-lc] ==> lib [c]
    arg [/usr/lib/gcc/x86_64-redhat-linux/4.8.5/crtend.o] ==> ignore
    arg [/usr/lib/gcc/x86_64-redhat-linux/4.8.5/../../../../lib64/crtn.o] ==> ignore
  remove lib [gcc]
  remove lib [gcc_s]
  remove lib [gcc]
  remove lib [gcc_s]
  collapse library dir [/glade/u/apps/dav/opt/netcdf/4.7.3/intel/19.0.5/lib] ==> [/glade/u/apps/dav/opt/netcdf/4.7.3/intel/19.0.5/lib]
  collapse library dir [/glade/u/apps/dav/opt/cuda/10.1/lib64] ==> [/glade/u/apps/dav/opt/cuda/10.1/lib64]
  collapse library dir [/glade/u/apps/dav/opt/cuda/10.1/lib] ==> [/glade/u/apps/dav/opt/cuda/10.1/lib]
  collapse library dir [/glade/u/apps/dav/opt/openmpi/4.0.3/intel/19.0.5/lib] ==> [/glade/u/apps/dav/opt/openmpi/4.0.3/intel/19.0.5/lib]
  collapse library dir [/glade/u/apps/dav/opt/openmpi/4.0.3/intel/19.0.5/lib] ==> [/glade/u/apps/dav/opt/openmpi/4.0.3/intel/19.0.5/lib]
  collapse library dir [/glade/u/apps/opt/intel/2019u5/compilers_and_libraries_2019.5.281/linux/compiler/lib/intel64_lin] ==> [/glade/u/apps/opt/intel/2019u5/compilers_and_libraries_2019.5.281/linux/compiler/lib/intel64_lin]
  collapse library dir [/usr/lib/gcc/x86_64-redhat-linux/4.8.5/] ==> [/usr/lib/gcc/x86_64-redhat-linux/4.8.5]
  collapse library dir [/usr/lib/gcc/x86_64-redhat-linux/4.8.5/../../../../lib64] ==> [/usr/lib64]
  collapse library dir [/usr/lib/gcc/x86_64-redhat-linux/4.8.5/../../../../lib64/] ==> [/usr/lib64]
  collapse library dir [/lib/../lib64] ==> [/lib64]
  collapse library dir [/lib/../lib64/] ==> [/lib64]
  collapse library dir [/usr/lib/../lib64] ==> [/usr/lib64]
  collapse library dir [/usr/lib/../lib64/] ==> [/usr/lib64]
  collapse library dir [/glade/u/apps/dav/opt/openmpi/4.0.3/intel/19.0.5/lib/] ==> [/glade/u/apps/dav/opt/openmpi/4.0.3/intel/19.0.5/lib]
  collapse library dir [/usr/lib/gcc/x86_64-redhat-linux/4.8.5/../../../] ==> [/usr/lib]
  collapse library dir [/lib64] ==> [/lib64]
  collapse library dir [/lib/] ==> [/lib]
  collapse library dir [/usr/lib64] ==> [/usr/lib64]
  collapse library dir [/usr/lib] ==> [/usr/lib]
  collapse library dir [/glade/u/apps/opt/intel/2019u5/compilers_and_libraries_2019.5.281/linux/compiler/lib/intel64_lin] ==> [/glade/u/apps/opt/intel/2019u5/compilers_and_libraries_2019.5.281/linux/compiler/lib/intel64_lin]
  implicit libs: [netcdff;netcdf;hdf5hl_fortran;hdf5_hl;hdf5_fortran;hdf5;sz;z;curl;imf;m;dl;cudart;cublas;rt;dl;rt;dl;imf;svml;irng;stdc++;m;ipgo;decimal;cilkrts;stdc++;irc;svml;c;irc_s;dl;c]
  implicit dirs: [/glade/u/apps/dav/opt/netcdf/4.7.3/intel/19.0.5/lib;/glade/u/apps/dav/opt/cuda/10.1/lib64;/glade/u/apps/dav/opt/cuda/10.1/lib;/glade/u/apps/dav/opt/openmpi/4.0.3/intel/19.0.5/lib;/glade/u/apps/opt/intel/2019u5/compilers_and_libraries_2019.5.281/linux/compiler/lib/intel64_lin;/usr/lib/gcc/x86_64-redhat-linux/4.8.5;/usr/lib64;/lib64;/usr/lib;/lib]
  implicit fwks: []


