PATH=/glade/u/apps/dav/opt/cmake/3.16.4/bin:/glade/p/tdd/asap/contrib/dimemas-5.0.0-linux-x86_64/bin:/glade/u/home/dennis/software/sloccount-2.26:/glade/u/home/dennis/software/PyCECT-3.0.8:/glade/p/tdd/asap/contrib/extrae/2.4.1/intel/bin:/glade/p/tdd/asap/contrib/scalsca/1.3-rca/intel-ibm-pe/bin:/glade/p/cesmdata/cseg/tools/cprnc:/glade/u/home/dennis/bin:/ncar/opt/intel/12.1.0.233/itac/8.0.3.007/bin:/usr/lib64/qt-3.3/bin:/glade/u/apps/dav/opt/netcdf/4.7.3/intel/19.0.5/bin:/glade/u/apps/dav/opt/ncarcompilers/0.5.0/intel/19.0.5/mpi:/glade/u/apps/dav/opt/openmpi/4.0.3/intel/19.0.5/bin:/glade/u/apps/dav/opt/ncarcompilers/0.5.0/intel/19.0.5:/glade/u/apps/opt/intel/2019u5/vtune_amplifier/bin64:/glade/u/apps/opt/intel/2019u5/inspector/bin64:/glade/u/apps/opt/intel/2019u5/advisor/bin64:/glade/u/apps/opt/intel/2019u5/compilers_and_libraries/linux/bin/intel64:/glade/u/apps/opt/vncmgr:/glade/u/apps/opt/globus-utils:/glade/u/apps/dav/opt/usr/bin:/glade/u/apps/dav/opt/lmod/8.1.7/bin:/bin:/usr/bin:/usr/local/sbin:/usr/sbin:/usr/lpp/mmfs/bin:/opt/ibutils/bin:/ncar/opt/hpss/hpss/bin:/usr/local/bin:/sbin
SHELL=/bin/tcsh
TERM=xterm-256color
HOME=/glade/u/home/dennis
SLURM_MPI_TYPE=pmix
SLURM_CONF=/etc/slurm/slurm.conf
SLURM_SUBMIT_DIR=/glade/u/home/dennis
SLURM_SUBMIT_HOST=casper01
SLURM_JOB_ID=5651095
SLURM_JOB_NAME=srun
SLURM_JOB_NUM_NODES=1
SLURM_JOB_NODELIST=casper29
SLURM_NODE_ALIASES=(null)
SLURM_JOB_PARTITION=dav
SLURM_JOB_CPUS_PER_NODE=2
SLURM_JOBID=5651095
SLURM_NNODES=1
SLURM_NODELIST=casper29
SLURM_TASKS_PER_NODE=1
SLURM_JOB_ACCOUNT=ntdd0005
SLURM_JOB_QOS=regular
SLURM_NTASKS=1
SLURM_NPROCS=1
SLURM_CLUSTER_NAME=geyser_caldera
SLURM_PRIO_PROCESS=0
SLURM_UMASK=0022
SLURM_JOB_CPUS_PER_NODE_PACK_GROUP_0=2
SLURM_STEP_ID=0
SLURM_STEPID=0
SLURM_SRUN_COMM_PORT=60174
SLURM_PTY_PORT=60173
SLURM_PTY_WIN_COL=80
SLURM_PTY_WIN_ROW=24
SLURM_WORKING_CLUSTER=geyser_caldera:slurm.ssg.ucar.edu:6817:8960:109
SLURM_STEP_NODELIST=casper29
SLURM_STEP_NUM_NODES=1
SLURM_STEP_NUM_TASKS=1
SLURM_STEP_TASKS_PER_NODE=1
SLURM_STEP_LAUNCHER_PORT=60174
SLURM_PMIX_MAPPING_SERV=(vector,(0,1,1))
SLURM_SRUN_COMM_HOST=128.117.181.207
DISPLAY=localhost:41.0
XAUTHORITY=/tmp/.Xauthority-c8ymL9
SLURM_STEP_GPUS=3
CUDA_VISIBLE_DEVICES=0
GPU_DEVICE_ORDINAL=0
ROCR_VISIBLE_DEVICES=0
SLURM_TOPOLOGY_ADDR=casper29
SLURM_TOPOLOGY_ADDR_PATTERN=node
SLURM_CPUS_ON_NODE=2
SLURM_CPU_BIND=quiet,mask_cpu:0x001000000001000000
SLURM_CPU_BIND_LIST=0x001000000001000000
SLURM_CPU_BIND_TYPE=mask_cpu:
SLURM_CPU_BIND_VERBOSE=quiet
SLURM_TASK_PID=13240
SLURM_NODEID=0
SLURM_PROCID=0
SLURM_LOCALID=0
SLURM_LAUNCH_NODE_IPADDR=128.117.181.207
SLURM_GTIDS=0
SLURM_JOB_UID=3896
SLURM_JOB_USER=dennis
SLURM_JOB_GID=1000
SLURMD_NODENAME=casper29
PMIX_NAMESPACE=slurm.pmix.5651095.0
PMIX_RANK=0
PMIX_SERVER_URI2=pmix-server.13229;tcp4://127.0.0.1:35853
PMIX_SECURITY_MODE=native,none
PMIX_PTL_MODULE=tcp
PMIX_DSTORE_ESH_BASE_PATH=/tmp/slurmd/pmix.5651095.0//pmix_dstor_13229
TMPDIR=/glade/scratch/dennis
HOSTTYPE=x86_64-linux
VENDOR=unknown
OSTYPE=linux
MACHTYPE=x86_64
SHLVL=1
PWD=/glade/u/home/dennis/shivani_latest
LOGNAME=dennis
USER=dennis
GROUP=ncar
HOST=casper29
MAIL=/var/spool/mail/dennis
HOSTNAME=casper29
LS_COLORS=rs=0:di=38;5;27:ln=38;5;51:mh=44;38;5;15:pi=40;38;5;11:so=38;5;13:do=38;5;5:bd=48;5;232;38;5;11:cd=48;5;232;38;5;3:or=48;5;232;38;5;9:mi=05;48;5;232;38;5;15:su=48;5;196;38;5;15:sg=48;5;11;38;5;16:ca=48;5;196;38;5;226:tw=48;5;10;38;5;16:ow=48;5;10;38;5;21:st=48;5;21;38;5;15:ex=38;5;34:*.tar=38;5;9:*.tgz=38;5;9:*.arc=38;5;9:*.arj=38;5;9:*.taz=38;5;9:*.lha=38;5;9:*.lz4=38;5;9:*.lzh=38;5;9:*.lzma=38;5;9:*.tlz=38;5;9:*.txz=38;5;9:*.tzo=38;5;9:*.t7z=38;5;9:*.zip=38;5;9:*.z=38;5;9:*.Z=38;5;9:*.dz=38;5;9:*.gz=38;5;9:*.lrz=38;5;9:*.lz=38;5;9:*.lzo=38;5;9:*.xz=38;5;9:*.bz2=38;5;9:*.bz=38;5;9:*.tbz=38;5;9:*.tbz2=38;5;9:*.tz=38;5;9:*.deb=38;5;9:*.rpm=38;5;9:*.jar=38;5;9:*.war=38;5;9:*.ear=38;5;9:*.sar=38;5;9:*.rar=38;5;9:*.alz=38;5;9:*.ace=38;5;9:*.zoo=38;5;9:*.cpio=38;5;9:*.7z=38;5;9:*.rz=38;5;9:*.cab=38;5;9:*.jpg=38;5;13:*.jpeg=38;5;13:*.gif=38;5;13:*.bmp=38;5;13:*.pbm=38;5;13:*.pgm=38;5;13:*.ppm=38;5;13:*.tga=38;5;13:*.xbm=38;5;13:*.xpm=38;5;13:*.tif=38;5;13:*.tiff=38;5;13:*.png=38;5;13:*.svg=38;5;13:*.svgz=38;5;13:*.mng=38;5;13:*.pcx=38;5;13:*.mov=38;5;13:*.mpg=38;5;13:*.mpeg=38;5;13:*.m2v=38;5;13:*.mkv=38;5;13:*.webm=38;5;13:*.ogm=38;5;13:*.mp4=38;5;13:*.m4v=38;5;13:*.mp4v=38;5;13:*.vob=38;5;13:*.qt=38;5;13:*.nuv=38;5;13:*.wmv=38;5;13:*.asf=38;5;13:*.rm=38;5;13:*.rmvb=38;5;13:*.flc=38;5;13:*.avi=38;5;13:*.fli=38;5;13:*.flv=38;5;13:*.gl=38;5;13:*.dl=38;5;13:*.xcf=38;5;13:*.xwd=38;5;13:*.yuv=38;5;13:*.cgm=38;5;13:*.emf=38;5;13:*.axv=38;5;13:*.anx=38;5;13:*.ogv=38;5;13:*.ogx=38;5;13:*.aac=38;5;45:*.au=38;5;45:*.flac=38;5;45:*.mid=38;5;45:*.midi=38;5;45:*.mka=38;5;45:*.mp3=38;5;45:*.mpc=38;5;45:*.ogg=38;5;45:*.ra=38;5;45:*.wav=38;5;45:*.axa=38;5;45:*.oga=38;5;45:*.spx=38;5;45:*.xspf=38;5;45:
CVS_RSH=ssh
KDEDIRS=/usr
QT_PLUGIN_PATH=/usr/lib64/kde4/plugins:/usr/lib/kde4/plugins
LESSOPEN=||/usr/bin/lesspipe.sh %s
INSTALLPATH_ROOT=/glade/u/apps/dav/opt
PROFILEREAD=true
LUAROCKS_PREFIX=/glade/u/apps/dav/opt/lmod/8.1.7
LUA_PATH=/glade/u/apps/dav/opt/lmod/8.1.7/share/lua/5.1/?.lua;/glade/u/apps/dav/opt/lmod/8.1.7/share/lua/5.1/?/init.lua;;
LUA_CPATH=/glade/u/apps/dav/opt/lmod/8.1.7/lib/lua/5.1/?.so;;
BASH_ENV=/glade/u/apps/dav/opt/lmod/8.1.7/lmod/lmod/init/bash
MODULEPATH_ROOT=/glade/u/apps/dav/modulefiles/default
MODULEPATH=/glade/u/apps/dav/modulefiles/default/compilers:/glade/u/apps/dav/modulefiles/default/idep:/glade/u/apps/dav/modulefiles/default/intel/19.0.5:/glade/u/apps/dav/modulefiles/default/openmpi/4.0.3/intel/19.0.5
LMOD_SETTARG_CMD=:
LMOD_FULL_SETTARG_SUPPORT=no
LMOD_PKG=/glade/u/apps/dav/opt/lmod/8.1.7/lmod/lmod
LMOD_CMD=/glade/u/apps/dav/opt/lmod/8.1.7/lmod/lmod/libexec/lmod
LMOD_DIR=/glade/u/apps/dav/opt/lmod/8.1.7/lmod/lmod/libexec
MODULESHOME=/glade/u/apps/dav/opt/lmod/8.1.7/lmod/lmod
TARG_TITLE_BAR_PAREN= 
LMOD_SETTARG_FULL_SUPPORT=no
LMOD_VERSION=8.1.7
LMOD_SYSTEM_NAME=dav
LMOD_SYSTEM_DEFAULT_MODULES=ncarenv/1.3:intel/19.0.5:ncarcompilers/0.5:openmpi/4.0.3:netcdf/4.7.3
ADVISOR_2019_DIR=/glade/u/apps/opt/intel/2019u5/advisor
CC=icc
CESMDATAROOT=/glade/p/cesmdata/cseg
CESMROOT=/glade/p/cesm
COMPILER=intel
COMPILER_VERSION=19.0.5
__LMOD_REF_COUNT_CPATH=/glade/u/apps/dav/opt/openmpi/4.0.3/intel/19.0.5/include:1
CPATH=/glade/u/apps/dav/opt/openmpi/4.0.3/intel/19.0.5/include
CXX=icpc
DASK_ROOT_CONFIG=/glade/u/apps/config/dask
ENV=/etc/profile.d/modules.sh
F77=ifort
F90=ifort
FC=ifort
__LMOD_REF_COUNT_FPATH=/glade/u/apps/dav/opt/openmpi/4.0.3/intel/19.0.5/include:1
FPATH=/glade/u/apps/dav/opt/openmpi/4.0.3/intel/19.0.5/include
INSPECTOR_2019_DIR=/glade/u/apps/opt/intel/2019u5/inspector
INTEL_BASE_PATH=/glade/u/apps/opt/intel/2019u5
INTEL_COMPILER_BASE_PATH=/glade/u/apps/opt/intel/2019u5/compilers_and_libraries/linux
INTEL_LICENSE_FILE=28518@128.117.177.41
INTEL_MAJOR_VERSION=19.0
INTEL_MINOR_VERSION=0.5
I_MPI_PMI_LIBRARY=/usr/local/lib/libpmi.so
LANG=en_US.UTF-8
LC_ALL=en_US.UTF-8
__LMOD_REF_COUNT_LD_LIBRARY_PATH=/glade/u/apps/dav/opt/openmpi/4.0.3/intel/19.0.5/lib:1;/glade/u/apps/opt/intel/2019u5/compilers_and_libraries/linux/lib/intel64:1;/glade/u/apps/dav/opt/usr/lib64:1
LD_LIBRARY_PATH=/glade/u/apps/dav/opt/openmpi/4.0.3/intel/19.0.5/lib:/glade/u/apps/opt/intel/2019u5/compilers_and_libraries/linux/lib/intel64:/glade/u/apps/dav/opt/usr/lib64
__LMOD_REF_COUNT_LIBRARY_PATH=/glade/u/apps/dav/opt/openmpi/4.0.3/intel/19.0.5/lib:1
LIBRARY_PATH=/glade/u/apps/dav/opt/openmpi/4.0.3/intel/19.0.5/lib
LMOD_COMPILER=intel
LMOD_COMPILER_VERSION=19.0.5
LMOD_FAMILY_COMPILER=intel
LMOD_FAMILY_COMPILER_VERSION=19.0.5
LMOD_FAMILY_MPI=openmpi
LMOD_FAMILY_MPI_VERSION=4.0.3
LMOD_MPI=openmpi
LMOD_MPI_VERSION=4.0.3
LM_LICENSE_FILE=28518@128.117.177.41
__LMOD_REF_COUNT_LOADEDMODULES=ncarenv/1.3:1;intel/19.0.5:1;ncarcompilers/0.5.0:1;openmpi/4.0.3:1;netcdf/4.7.3:1;cmake/3.16.4:1
LOADEDMODULES=ncarenv/1.3:intel/19.0.5:ncarcompilers/0.5.0:openmpi/4.0.3:netcdf/4.7.3:cmake/3.16.4
__LMOD_REF_COUNT_MANPATH=/glade/u/apps/dav/opt/netcdf/4.7.3/intel/19.0.5/share/man:1;/glade/u/apps/dav/opt/openmpi/4.0.3/intel/19.0.5/share/man:1;/glade/u/apps/opt/intel/2019u5/compilers_and_libraries/linux/man/common:1
MANPATH=/glade/p/tdd/asap/contrib/extrae/intel/12.1.5/share/man:/glade/u/apps/dav/opt/netcdf/4.7.3/intel/19.0.5/share/man:/glade/u/apps/dav/opt/openmpi/4.0.3/intel/19.0.5/share/man:/glade/u/apps/opt/intel/2019u5/compilers_and_libraries/linux/man/common:/usr/local/share/man:/usr/share/man
__LMOD_REF_COUNT_MODULEPATH=/glade/u/apps/dav/modulefiles/default/compilers:1;/glade/u/apps/dav/modulefiles/default/idep:1;/glade/u/apps/dav/modulefiles/default/intel/19.0.5:1;/glade/u/apps/dav/modulefiles/default/openmpi/4.0.3/intel/19.0.5:1
MPICC_CC=icc
MPICXX_CXX=icpc
MPIF90_F90=ifort
MPI_ROOT=/glade/u/apps/dav/opt/openmpi/4.0.3/intel/19.0.5/
MPI_VERSION=4.0.3
MP_COMPILER=intel
NCAR_EXCLUDE_ASNEEDED=1
NCAR_HOST=dav
NCAR_INC_NETCDF=/glade/u/apps/dav/opt/netcdf/4.7.3/intel/19.0.5/include
NCAR_LDFLAGS_NETCDF=/glade/u/apps/dav/opt/netcdf/4.7.3/intel/19.0.5/lib
NCAR_LDFLAGS_OPENMPI=/glade/u/apps/dav/opt/openmpi/4.0.3/intel/19.0.5/lib
NCAR_LIBS_NETCDF=-Wl,-Bstatic -lnetcdff -lnetcdf -lhdf5hl_fortran -lhdf5_hl -lhdf5_fortran -lhdf5 -lsz -lz -Wl,-Bdynamic -lcurl -lm -ldl
NCAR_LIBS_OPENMPI=-lrt -ldl
NCAR_RANK_OPENMPI=1000
NCAR_ROOT_INTEL=/glade/u/apps/opt/intel/2019u5
NCAR_ROOT_NETCDF=/glade/u/apps/dav/opt/netcdf/4.7.3/intel/19.0.5/
NCAR_ROOT_OPENMPI=/glade/u/apps/dav/opt/openmpi/4.0.3/intel/19.0.5/
NCAR_WRAPPER_MPI=/glade/u/apps/dav/opt/ncarcompilers/0.5.0/intel/19.0.5/mpi
NETCDF=/glade/u/apps/dav/opt/netcdf/4.7.3/intel/19.0.5/
__LMOD_REF_COUNT_NLSPATH=/glade/u/apps/opt/intel/2019u5/compilers_and_libraries/linux/lib/intel64/locale/%l_%t/%N:1
NLSPATH=/glade/u/apps/opt/intel/2019u5/compilers_and_libraries/linux/lib/intel64/locale/%l_%t/%N
OMP_NUM_THREADS=1
OMP_STACKSIZE=64000K
__LMOD_REF_COUNT_PATH=/glade/u/apps/dav/opt/cmake/3.16.4/bin:1;/glade/p/tdd/asap/contrib/dimemas-5.0.0-linux-x86_64/bin:1;/glade/u/home/dennis/software/sloccount-2.26:1;/glade/u/home/dennis/software/PyCECT-3.0.8:1;/glade/p/tdd/asap/contrib/extrae/2.4.1/intel/bin:1;/glade/p/tdd/asap/contrib/scalsca/1.3-rca/intel-ibm-pe/bin:1;/glade/p/cesmdata/cseg/tools/cprnc:1;/glade/u/home/dennis/bin:1;/ncar/opt/intel/12.1.0.233/itac/8.0.3.007/bin:1;/usr/lib64/qt-3.3/bin:1;/glade/u/apps/dav/opt/netcdf/4.7.3/intel/19.0.5/bin:1;/glade/u/apps/dav/opt/ncarcompilers/0.5.0/intel/19.0.5/mpi:2;/glade/u/apps/dav/opt/openmpi/4.0.3/intel/19.0.5/bin:1;/glade/u/apps/dav/opt/ncarcompilers/0.5.0/intel/19.0.5:1;/glade/u/apps/opt/intel/2019u5/vtune_amplifier/bin64:1;/glade/u/apps/opt/intel/2019u5/inspector/bin64:1;/glade/u/apps/opt/intel/2019u5/advisor/bin64:1;/glade/u/apps/opt/intel/2019u5/compilers_and_libraries/linux/bin/intel64:1;/glade/u/apps/opt/vncmgr:1;/glade/u/apps/opt/globus-utils:1;/glade/u/apps/dav/opt/usr/bin:1;/glade/u/apps/dav/opt/lmod/8.1.7/bin:1;/bin:2;/usr/bin:2;/usr/local/sbin:1;/usr/sbin:1;/usr/lpp/mmfs/bin:1;/opt/ibutils/bin:1;/ncar/opt/hpss/hpss/bin:1;/usr/local/bin:1;/sbin:1
__LMOD_REF_COUNT_PKG_CONFIG_PATH=/glade/u/apps/dav/opt/netcdf/4.7.3/intel/19.0.5/lib/pkgconfig:1;/glade/u/apps/dav/opt/openmpi/4.0.3/intel/19.0.5/lib/pkgconfig:1
PKG_CONFIG_PATH=/glade/u/apps/dav/opt/netcdf/4.7.3/intel/19.0.5/lib/pkgconfig:/glade/u/apps/dav/opt/openmpi/4.0.3/intel/19.0.5/lib/pkgconfig
UCX_NET_DEVICES=mlx5_0:1
VTUNE_AMPLIFIER_2019_DIR=/glade/u/apps/opt/intel/2019u5/vtune_amplifier
WRFIO_NCD_LARGE_FILE_SUPPORT=1
__LMOD_REF_COUNT__LMFILES_=/glade/u/apps/dav/modulefiles/default/idep/ncarenv/1.3.lua:1;/glade/u/apps/dav/modulefiles/default/compilers/intel/19.0.5.lua:1;/glade/u/apps/dav/modulefiles/default/intel/19.0.5/ncarcompilers/0.5.0.lua:1;/glade/u/apps/dav/modulefiles/default/intel/19.0.5/openmpi/4.0.3.lua:1;/glade/u/apps/dav/modulefiles/default/intel/19.0.5/netcdf/4.7.3.lua:1;/glade/u/apps/dav/modulefiles/default/idep/cmake/3.16.4.lua:1
_LMFILES_=/glade/u/apps/dav/modulefiles/default/idep/ncarenv/1.3.lua:/glade/u/apps/dav/modulefiles/default/compilers/intel/19.0.5.lua:/glade/u/apps/dav/modulefiles/default/intel/19.0.5/ncarcompilers/0.5.0.lua:/glade/u/apps/dav/modulefiles/default/intel/19.0.5/openmpi/4.0.3.lua:/glade/u/apps/dav/modulefiles/default/intel/19.0.5/netcdf/4.7.3.lua:/glade/u/apps/dav/modulefiles/default/idep/cmake/3.16.4.lua
_ModuleTable001_=X01vZHVsZVRhYmxlXz17WyJNVHZlcnNpb24iXT0zLFsiY19yZWJ1aWxkVGltZSJdPWZhbHNlLFsiY19zaG9ydFRpbWUiXT1mYWxzZSxkZXB0aFQ9e30sZmFtaWx5PXtbImNvbXBpbGVyIl09ImludGVsIixbIm1waSJdPSJvcGVubXBpIix9LG1UPXtjbWFrZT17WyJmbiJdPSIvZ2xhZGUvdS9hcHBzL2Rhdi9tb2R1bGVmaWxlcy9kZWZhdWx0L2lkZXAvY21ha2UvMy4xNi40Lmx1YSIsWyJmdWxsTmFtZSJdPSJjbWFrZS8zLjE2LjQiLFsibG9hZE9yZGVyIl09Nixwcm9wVD17fSxbInN0YWNrRGVwdGgiXT0wLFsic3RhdHVzIl09ImFjdGl2ZSIsWyJ1c2VyTmFtZSJdPSJjbWFrZSIsfSxpbnRlbD17WyJmbiJdPSIvZ2xhZGUvdS9hcHBzL2Rhdi9tb2R1bGVmaWxlcy9kZWZhdWx0L2Nv
_ModuleTable002_=bXBpbGVycy9pbnRlbC8xOS4wLjUubHVhIixbImZ1bGxOYW1lIl09ImludGVsLzE5LjAuNSIsWyJsb2FkT3JkZXIiXT0yLHByb3BUPXt9LFsic3RhY2tEZXB0aCJdPTAsWyJzdGF0dXMiXT0iYWN0aXZlIixbInVzZXJOYW1lIl09ImludGVsLzE5LjAuNSIsfSxuY2FyY29tcGlsZXJzPXtbImZuIl09Ii9nbGFkZS91L2FwcHMvZGF2L21vZHVsZWZpbGVzL2RlZmF1bHQvaW50ZWwvMTkuMC41L25jYXJjb21waWxlcnMvMC41LjAubHVhIixbImZ1bGxOYW1lIl09Im5jYXJjb21waWxlcnMvMC41LjAiLFsibG9hZE9yZGVyIl09Myxwcm9wVD17fSxbInN0YWNrRGVwdGgiXT0wLFsic3RhdHVzIl09ImFjdGl2ZSIsWyJ1c2VyTmFtZSJdPSJuY2FyY29tcGlsZXJzLzAuNSIsfSxuY2FyZW52
_ModuleTable003_=PXtbImZuIl09Ii9nbGFkZS91L2FwcHMvZGF2L21vZHVsZWZpbGVzL2RlZmF1bHQvaWRlcC9uY2FyZW52LzEuMy5sdWEiLFsiZnVsbE5hbWUiXT0ibmNhcmVudi8xLjMiLFsibG9hZE9yZGVyIl09MSxwcm9wVD17fSxbInN0YWNrRGVwdGgiXT0wLFsic3RhdHVzIl09ImFjdGl2ZSIsWyJ1c2VyTmFtZSJdPSJuY2FyZW52LzEuMyIsfSxuZXRjZGY9e1siZm4iXT0iL2dsYWRlL3UvYXBwcy9kYXYvbW9kdWxlZmlsZXMvZGVmYXVsdC9pbnRlbC8xOS4wLjUvbmV0Y2RmLzQuNy4zLmx1YSIsWyJmdWxsTmFtZSJdPSJuZXRjZGYvNC43LjMiLFsibG9hZE9yZGVyIl09NSxwcm9wVD17fSxbInN0YWNrRGVwdGgiXT0wLFsic3RhdHVzIl09ImFjdGl2ZSIsWyJ1c2VyTmFtZSJdPSJuZXRjZGYv
_ModuleTable004_=NC43LjMiLH0sb3Blbm1waT17WyJmbiJdPSIvZ2xhZGUvdS9hcHBzL2Rhdi9tb2R1bGVmaWxlcy9kZWZhdWx0L2ludGVsLzE5LjAuNS9vcGVubXBpLzQuMC4zLmx1YSIsWyJmdWxsTmFtZSJdPSJvcGVubXBpLzQuMC4zIixbImxvYWRPcmRlciJdPTQscHJvcFQ9e30sWyJzdGFja0RlcHRoIl09MCxbInN0YXR1cyJdPSJhY3RpdmUiLFsidXNlck5hbWUiXT0ib3Blbm1waS80LjAuMyIsfSx9LG1wYXRoQT17Ii9nbGFkZS91L2FwcHMvZGF2L21vZHVsZWZpbGVzL2RlZmF1bHQvY29tcGlsZXJzIiwiL2dsYWRlL3UvYXBwcy9kYXYvbW9kdWxlZmlsZXMvZGVmYXVsdC9pZGVwIiwiL2dsYWRlL3UvYXBwcy9kYXYvbW9kdWxlZmlsZXMvZGVmYXVsdC9pbnRlbC8xOS4wLjUiLCIvZ2xhZGUv
_ModuleTable_Sz_=5
__Init_Default_Modules=1
LMOD_MODULERCFILE=/glade/u/apps/dav/modulefiles/default/localinit/hidden
INFOPATH=/usr/local/share/info:/usr/share/info
QT_GRAPHICSSYSTEM_CHECKED=1
QTDIR=/usr/lib64/qt-3.3
QTINC=/usr/lib64/qt-3.3/include
QTLIB=/usr/lib64/qt-3.3/lib
VT_ROOT=/ncar/opt/intel/12.1.0.233/itac/8.0.007
DIMEMAS_HOME=/glade/p/tdd/asap/contrib/dimemas-5.0.0-linux-x86_64/
CLUSTER_HOME=/glade/u/home/youngsun/opt/clusteringsuite/2.6.0
FOLDING_HOME=/glade/u/home/youngsun/opt/folding/05202014
EXTRAE_HOME=/glade/p/tdd/asap/contrib/extrae/2.5.0
REQUEST_SUSPEND_HPC_STAT=1
NCAR_ROOT_CMAKE=/glade/u/apps/dav/opt/cmake/3.16.4/
_ModuleTable005_=dS9hcHBzL2Rhdi9tb2R1bGVmaWxlcy9kZWZhdWx0L29wZW5tcGkvNC4wLjMvaW50ZWwvMTkuMC41Iix9LFsic3lzdGVtQmFzZU1QQVRIIl09Ii9nbGFkZS91L2FwcHMvZGF2L21vZHVsZWZpbGVzL2RlZmF1bHQvY29tcGlsZXJzOi9nbGFkZS91L2FwcHMvZGF2L21vZHVsZWZpbGVzL2RlZmF1bHQvaWRlcCIsfQ==
CFILE=/glade/u/home/dennis/cesm1_3_beta17_test/case_small0/logs/nstep.log.170922-083108
